<?xml version="1.0" encoding="UTF-8"?>
<!-- Generated by org.testng.reporters.JUnitXMLReporter -->
<testsuite hostname="AhmadMalloh" name="My_Wishlists" tests="13" failures="2" timestamp="20 Dec 2021 21:04:44 GMT" time="523.98" errors="0">
  <testcase name="getDriver" time="9.315" classname="SanityTest.MyAccount.My_Wishlists"/>
  <testcase name="Login" time="4.772" classname="SanityTest.MyAccount.My_Wishlists"/>
  <testcase name="Create_Wishlist" time="7.016" classname="SanityTest.MyAccount.My_Wishlists"/>
  <testcase name="AddProduct_toWishlist" time="11.324" classname="SanityTest.MyAccount.My_Wishlists"/>
  <testcase name="SendWithlist_toFriend" time="2.213" classname="SanityTest.MyAccount.My_Wishlists"/>
  <testcase name="EditProduct_atWishlist" time="60.038" classname="SanityTest.MyAccount.My_Wishlists">
    <skipped/>
  </testcase> <!-- EditProduct_atWishlist -->
  <testcase name="EditProduct_atWishlist" time="60.055" classname="SanityTest.MyAccount.My_Wishlists">
    <skipped/>
  </testcase> <!-- EditProduct_atWishlist -->
  <testcase name="EditProduct_atWishlist" time="60.044" classname="SanityTest.MyAccount.My_Wishlists">
    <skipped/>
  </testcase> <!-- EditProduct_atWishlist -->
  <testcase name="EditProduct_atWishlist" time="60.049" classname="SanityTest.MyAccount.My_Wishlists">
    <failure type="org.openqa.selenium.NoSuchElementException" message="no such element: Unable to locate element: {&amp;quot;method&amp;quot;:&amp;quot;xpath&amp;quot;,&amp;quot;selector&amp;quot;:&amp;quot;//*[@id=&amp;quot;wishlist_41771&amp;quot;]/td[5]/a&amp;quot;}
  (Session info: chrome=96.0.4664.110)
For documentation on this error, please visit: https://selenium.dev/exceptions/#no_such_element
Build info: version: &amp;apos;4.0.0&amp;apos;, revision: &amp;apos;3a21814679&amp;apos;
System info: host: &amp;apos;AHMADMALLOH&amp;apos;, ip: &amp;apos;10.8.0.3&amp;apos;, os.name: &amp;apos;Windows 10&amp;apos;, os.arch: &amp;apos;amd64&amp;apos;, os.version: &amp;apos;10.0&amp;apos;, java.version: &amp;apos;1.8.0_301&amp;apos;
Driver info: org.openqa.selenium.chrome.ChromeDriver
Command: [11b87b4d1c0d1e7b677ad66f0dd6aa56, findElement {using=xpath, value=//*[@id=&amp;quot;wishlist_41771&amp;quot;]/td[5]/a}]
Capabilities {acceptInsecureCerts: false, browserName: chrome, browserVersion: 96.0.4664.110, chrome: {chromedriverVersion: 96.0.4664.45 (76e4c1bb2ab46..., userDataDir: C:\Users\User\AppData\Local...}, goog:chromeOptions: {debuggerAddress: localhost:58094}, javascriptEnabled: true, networkConnectionEnabled: false, pageLoadStrategy: normal, platform: WINDOWS, platformName: WINDOWS, proxy: Proxy(), se:cdp: ws://localhost:58094/devtoo..., se:cdpVersion: 96.0.4664.110, setWindowRect: true, strictFileInteractability: false, timeouts: {implicit: 0, pageLoad: 300000, script: 30000}, unhandledPromptBehavior: dismiss and notify, webauthn:extension:credBlob: true, webauthn:extension:largeBlob: true, webauthn:virtualAuthenticators: true}
Session ID: 11b87b4d1c0d1e7b677ad66f0dd6aa56">
      <![CDATA[org.openqa.selenium.NoSuchElementException: no such element: Unable to locate element: {"method":"xpath","selector":"//*[@id="wishlist_41771"]/td[5]/a"}
  (Session info: chrome=96.0.4664.110)
For documentation on this error, please visit: https://selenium.dev/exceptions/#no_such_element
Build info: version: '4.0.0', revision: '3a21814679'
System info: host: 'AHMADMALLOH', ip: '10.8.0.3', os.name: 'Windows 10', os.arch: 'amd64', os.version: '10.0', java.version: '1.8.0_301'
Driver info: org.openqa.selenium.chrome.ChromeDriver
Command: [11b87b4d1c0d1e7b677ad66f0dd6aa56, findElement {using=xpath, value=//*[@id="wishlist_41771"]/td[5]/a}]
Capabilities {acceptInsecureCerts: false, browserName: chrome, browserVersion: 96.0.4664.110, chrome: {chromedriverVersion: 96.0.4664.45 (76e4c1bb2ab46..., userDataDir: C:\Users\User\AppData\Local...}, goog:chromeOptions: {debuggerAddress: localhost:58094}, javascriptEnabled: true, networkConnectionEnabled: false, pageLoadStrategy: normal, platform: WINDOWS, platformName: WINDOWS, proxy: Proxy(), se:cdp: ws://localhost:58094/devtoo..., se:cdpVersion: 96.0.4664.110, setWindowRect: true, strictFileInteractability: false, timeouts: {implicit: 0, pageLoad: 300000, script: 30000}, unhandledPromptBehavior: dismiss and notify, webauthn:extension:credBlob: true, webauthn:extension:largeBlob: true, webauthn:virtualAuthenticators: true}
Session ID: 11b87b4d1c0d1e7b677ad66f0dd6aa56
	at org.openqa.selenium.remote.codec.w3c.W3CHttpResponseCodec.createException(W3CHttpResponseCodec.java:200)
	at org.openqa.selenium.remote.codec.w3c.W3CHttpResponseCodec.decode(W3CHttpResponseCodec.java:133)
	at org.openqa.selenium.remote.codec.w3c.W3CHttpResponseCodec.decode(W3CHttpResponseCodec.java:53)
	at org.openqa.selenium.remote.HttpCommandExecutor.execute(HttpCommandExecutor.java:184)
	at org.openqa.selenium.remote.service.DriverCommandExecutor.invokeExecute(DriverCommandExecutor.java:164)
	at org.openqa.selenium.remote.service.DriverCommandExecutor.execute(DriverCommandExecutor.java:139)
	at org.openqa.selenium.remote.RemoteWebDriver.execute(RemoteWebDriver.java:559)
	at org.openqa.selenium.remote.ElementLocation$ElementFinder$2.findElement(ElementLocation.java:162)
	at org.openqa.selenium.remote.ElementLocation.findElement(ElementLocation.java:60)
	at org.openqa.selenium.remote.RemoteWebDriver.findElement(RemoteWebDriver.java:383)
	at org.openqa.selenium.remote.RemoteWebDriver.findElement(RemoteWebDriver.java:375)
	at Configration.ConfigData.ClickOnBy_Xpath(ConfigData.java:107)
	at PageObjectModel.MyAccount.My_Wishlists_PO.ClickToViewProduct(My_Wishlists_PO.java:120)
	at SanityTest.MyAccount.My_Wishlists.EditProduct_atWishlist(My_Wishlists.java:88)
... Removed 27 stack frames]]>
    </failure>
  </testcase> <!-- EditProduct_atWishlist -->
  <testcase name="Delete_Wishlist" time="60.227" classname="SanityTest.MyAccount.My_Wishlists">
    <skipped/>
  </testcase> <!-- Delete_Wishlist -->
  <testcase name="Delete_Wishlist" time="60.129" classname="SanityTest.MyAccount.My_Wishlists">
    <skipped/>
  </testcase> <!-- Delete_Wishlist -->
  <testcase name="Delete_Wishlist" time="60.053" classname="SanityTest.MyAccount.My_Wishlists">
    <skipped/>
  </testcase> <!-- Delete_Wishlist -->
  <testcase name="Delete_Wishlist" time="60.069" classname="SanityTest.MyAccount.My_Wishlists">
    <failure type="org.openqa.selenium.NoSuchElementException" message="no such element: Unable to locate element: {&amp;quot;method&amp;quot;:&amp;quot;xpath&amp;quot;,&amp;quot;selector&amp;quot;:&amp;quot;//i[contains(@class,&amp;apos;icon-remove&amp;apos;)]&amp;quot;}
  (Session info: chrome=96.0.4664.110)
For documentation on this error, please visit: https://selenium.dev/exceptions/#no_such_element
Build info: version: &amp;apos;4.0.0&amp;apos;, revision: &amp;apos;3a21814679&amp;apos;
System info: host: &amp;apos;AHMADMALLOH&amp;apos;, ip: &amp;apos;10.8.0.3&amp;apos;, os.name: &amp;apos;Windows 10&amp;apos;, os.arch: &amp;apos;amd64&amp;apos;, os.version: &amp;apos;10.0&amp;apos;, java.version: &amp;apos;1.8.0_301&amp;apos;
Driver info: org.openqa.selenium.chrome.ChromeDriver
Command: [11b87b4d1c0d1e7b677ad66f0dd6aa56, findElement {using=xpath, value=//i[contains(@class,&amp;apos;icon-remove&amp;apos;)]}]
Capabilities {acceptInsecureCerts: false, browserName: chrome, browserVersion: 96.0.4664.110, chrome: {chromedriverVersion: 96.0.4664.45 (76e4c1bb2ab46..., userDataDir: C:\Users\User\AppData\Local...}, goog:chromeOptions: {debuggerAddress: localhost:58094}, javascriptEnabled: true, networkConnectionEnabled: false, pageLoadStrategy: normal, platform: WINDOWS, platformName: WINDOWS, proxy: Proxy(), se:cdp: ws://localhost:58094/devtoo..., se:cdpVersion: 96.0.4664.110, setWindowRect: true, strictFileInteractability: false, timeouts: {implicit: 0, pageLoad: 300000, script: 30000}, unhandledPromptBehavior: dismiss and notify, webauthn:extension:credBlob: true, webauthn:extension:largeBlob: true, webauthn:virtualAuthenticators: true}
Session ID: 11b87b4d1c0d1e7b677ad66f0dd6aa56">
      <![CDATA[org.openqa.selenium.NoSuchElementException: no such element: Unable to locate element: {"method":"xpath","selector":"//i[contains(@class,'icon-remove')]"}
  (Session info: chrome=96.0.4664.110)
For documentation on this error, please visit: https://selenium.dev/exceptions/#no_such_element
Build info: version: '4.0.0', revision: '3a21814679'
System info: host: 'AHMADMALLOH', ip: '10.8.0.3', os.name: 'Windows 10', os.arch: 'amd64', os.version: '10.0', java.version: '1.8.0_301'
Driver info: org.openqa.selenium.chrome.ChromeDriver
Command: [11b87b4d1c0d1e7b677ad66f0dd6aa56, findElement {using=xpath, value=//i[contains(@class,'icon-remove')]}]
Capabilities {acceptInsecureCerts: false, browserName: chrome, browserVersion: 96.0.4664.110, chrome: {chromedriverVersion: 96.0.4664.45 (76e4c1bb2ab46..., userDataDir: C:\Users\User\AppData\Local...}, goog:chromeOptions: {debuggerAddress: localhost:58094}, javascriptEnabled: true, networkConnectionEnabled: false, pageLoadStrategy: normal, platform: WINDOWS, platformName: WINDOWS, proxy: Proxy(), se:cdp: ws://localhost:58094/devtoo..., se:cdpVersion: 96.0.4664.110, setWindowRect: true, strictFileInteractability: false, timeouts: {implicit: 0, pageLoad: 300000, script: 30000}, unhandledPromptBehavior: dismiss and notify, webauthn:extension:credBlob: true, webauthn:extension:largeBlob: true, webauthn:virtualAuthenticators: true}
Session ID: 11b87b4d1c0d1e7b677ad66f0dd6aa56
	at org.openqa.selenium.remote.codec.w3c.W3CHttpResponseCodec.createException(W3CHttpResponseCodec.java:200)
	at org.openqa.selenium.remote.codec.w3c.W3CHttpResponseCodec.decode(W3CHttpResponseCodec.java:133)
	at org.openqa.selenium.remote.codec.w3c.W3CHttpResponseCodec.decode(W3CHttpResponseCodec.java:53)
	at org.openqa.selenium.remote.HttpCommandExecutor.execute(HttpCommandExecutor.java:184)
	at org.openqa.selenium.remote.service.DriverCommandExecutor.invokeExecute(DriverCommandExecutor.java:164)
	at org.openqa.selenium.remote.service.DriverCommandExecutor.execute(DriverCommandExecutor.java:139)
	at org.openqa.selenium.remote.RemoteWebDriver.execute(RemoteWebDriver.java:559)
	at org.openqa.selenium.remote.ElementLocation$ElementFinder$2.findElement(ElementLocation.java:162)
	at org.openqa.selenium.remote.ElementLocation.findElement(ElementLocation.java:60)
	at org.openqa.selenium.remote.RemoteWebDriver.findElement(RemoteWebDriver.java:383)
	at org.openqa.selenium.remote.RemoteWebDriver.findElement(RemoteWebDriver.java:375)
	at Configration.ConfigData.ClickOnBy_Xpath(ConfigData.java:107)
	at PageObjectModel.MyAccount.My_Wishlists_PO.ClickOnDeleteArrow(My_Wishlists_PO.java:150)
	at SanityTest.MyAccount.My_Wishlists.Delete_Wishlist(My_Wishlists.java:98)
... Removed 27 stack frames]]>
    </failure>
  </testcase> <!-- Delete_Wishlist -->
</testsuite> <!-- My_Wishlists -->
