<?xml version="1.0" encoding="UTF-8"?>
<!-- Generated by org.testng.reporters.JUnitXMLReporter -->
<testsuite hostname="AhmadMalloh" name="Signin" tests="1" failures="0" timestamp="11 Dec 2021 18:21:25 GMT" time="0.004" errors="0">
  <testcase name="@BeforeMethod beforeMethod" time="0.0" classname="SanityTest.Signin">
    <failure type="java.lang.Error" message="Unresolved compilation problem: 
	The method getDriver(String) in the type ConfigData is not applicable for the arguments ()
">
      <![CDATA[java.lang.Error: Unresolved compilation problem: 
	The method getDriver(String) in the type ConfigData is not applicable for the arguments ()

	at SanityTest.Signin.beforeMethod(Signin.java:18)
... Removed 26 stack frames]]>
    </failure>
  </testcase> <!-- @BeforeMethod beforeMethod -->
  <testcase name="@AfterMethod afterMethod" time="0.0" classname="SanityTest.Signin">
    <skipped/>
  </testcase> <!-- @AfterMethod afterMethod -->
  <testcase name="SignIn" time="0.0" classname="SanityTest.Signin">
    <skipped/>
  </testcase> <!-- SignIn -->
</testsuite> <!-- Signin -->
