<?xml version="1.0" encoding="UTF-8"?>
<testng-results skipped="28" failed="7" total="62" passed="27">
  <reporter-output>
  </reporter-output>
  <suite name="suite" duration-ms="1920294" started-at="2021-12-20T20:33:13Z" finished-at="2021-12-20T21:05:14Z">
    <groups>
    </groups>
    <test name="Contact_US" duration-ms="409" started-at="2021-12-20T20:33:13Z" finished-at="2021-12-20T20:33:14Z">
      <class name="SanityTest.Contact_US">
        <test-method status="FAIL" signature="beforeMethod()[pri:0, instance:SanityTest.Contact_US@47f6473]" name="beforeMethod" is-config="true" duration-ms="0" started-at="2021-12-20T22:33:14Z" finished-at="2021-12-20T22:33:14Z">
          <exception class="java.lang.NullPointerException">
            <full-stacktrace>
              <![CDATA[java.lang.NullPointerException
	at Configration.ConfigData.getDriver(ConfigData.java:58)
	at SanityTest.Contact_US.beforeMethod(Contact_US.java:23)
	at sun.reflect.NativeMethodAccessorImpl.invoke0(Native Method)
	at sun.reflect.NativeMethodAccessorImpl.invoke(Unknown Source)
	at sun.reflect.DelegatingMethodAccessorImpl.invoke(Unknown Source)
	at java.lang.reflect.Method.invoke(Unknown Source)
	at org.testng.internal.MethodInvocationHelper.invokeMethod(MethodInvocationHelper.java:86)
	at org.testng.internal.Invoker.invokeConfigurationMethod(Invoker.java:514)
	at org.testng.internal.Invoker.invokeConfigurations(Invoker.java:215)
	at org.testng.internal.Invoker.invokeMethod(Invoker.java:589)
	at org.testng.internal.Invoker.invokeTestMethod(Invoker.java:822)
	at org.testng.internal.Invoker.invokeTestMethods(Invoker.java:1130)
	at org.testng.internal.TestMethodWorker.invokeTestMethods(TestMethodWorker.java:129)
	at org.testng.internal.TestMethodWorker.run(TestMethodWorker.java:112)
	at org.testng.TestRunner.privateRun(TestRunner.java:782)
	at org.testng.TestRunner.run(TestRunner.java:632)
	at org.testng.SuiteRunner.runTest(SuiteRunner.java:366)
	at org.testng.SuiteRunner.runSequentially(SuiteRunner.java:361)
	at org.testng.SuiteRunner.privateRun(SuiteRunner.java:319)
	at org.testng.SuiteRunner.run(SuiteRunner.java:268)
	at org.testng.SuiteRunnerWorker.runSuite(SuiteRunnerWorker.java:52)
	at org.testng.SuiteRunnerWorker.run(SuiteRunnerWorker.java:86)
	at org.testng.TestNG.runSuitesSequentially(TestNG.java:1244)
	at org.testng.TestNG.runSuitesLocally(TestNG.java:1169)
	at org.testng.TestNG.run(TestNG.java:1064)
	at org.testng.remote.RemoteTestNG.run(RemoteTestNG.java:113)
	at org.testng.remote.RemoteTestNG.initAndRun(RemoteTestNG.java:206)
	at org.testng.remote.RemoteTestNG.main(RemoteTestNG.java:177)
]]>
            </full-stacktrace>
          </exception> <!-- java.lang.NullPointerException -->
          <reporter-output>
          </reporter-output>
        </test-method> <!-- beforeMethod -->
        <test-method status="SKIP" signature="getDriver(java.lang.String)[pri:0, instance:SanityTest.Contact_US@47f6473]" name="getDriver" duration-ms="9" started-at="2021-12-20T22:33:14Z" finished-at="2021-12-20T22:33:14Z">
          <params>
            <param index="0">
              <value>
                <![CDATA[chrome]]>
              </value>
            </param>
          </params>
          <reporter-output>
          </reporter-output>
        </test-method> <!-- getDriver -->
        <test-method status="SKIP" signature="afterMethod()[pri:0, instance:SanityTest.Contact_US@47f6473]" name="afterMethod" is-config="true" duration-ms="0" started-at="2021-12-20T22:33:14Z" finished-at="2021-12-20T22:33:14Z">
          <reporter-output>
          </reporter-output>
        </test-method> <!-- afterMethod -->
        <test-method status="SKIP" signature="beforeMethod()[pri:0, instance:SanityTest.Contact_US@47f6473]" name="beforeMethod" is-config="true" duration-ms="0" started-at="2021-12-20T22:33:14Z" finished-at="2021-12-20T22:33:14Z">
          <reporter-output>
          </reporter-output>
        </test-method> <!-- beforeMethod -->
        <test-method status="SKIP" signature="Send_Message()[pri:0, instance:SanityTest.Contact_US@47f6473]" name="Send_Message" duration-ms="1" started-at="2021-12-20T22:33:14Z" finished-at="2021-12-20T22:33:14Z">
          <reporter-output>
          </reporter-output>
        </test-method> <!-- Send_Message -->
        <test-method status="SKIP" signature="afterMethod()[pri:0, instance:SanityTest.Contact_US@47f6473]" name="afterMethod" is-config="true" duration-ms="0" started-at="2021-12-20T22:33:14Z" finished-at="2021-12-20T22:33:14Z">
          <reporter-output>
          </reporter-output>
        </test-method> <!-- afterMethod -->
      </class> <!-- SanityTest.Contact_US -->
    </test> <!-- Contact_US -->
    <test name="Signin" duration-ms="315388" started-at="2021-12-20T20:33:14Z" finished-at="2021-12-20T20:38:30Z">
      <class name="SanityTest.Signin">
        <test-method status="PASS" signature="beforeMethod(java.lang.String)[pri:0, instance:SanityTest.Signin@737996a0]" name="beforeMethod" is-config="true" duration-ms="18072" started-at="2021-12-20T22:33:14Z" finished-at="2021-12-20T22:33:32Z">
          <params>
            <param index="0">
              <value>
                <![CDATA[chrome]]>
              </value>
            </param>
          </params>
          <reporter-output>
          </reporter-output>
        </test-method> <!-- beforeMethod -->
        <test-method status="PASS" signature="getDriver(java.lang.String)[pri:0, instance:SanityTest.Signin@737996a0]" name="getDriver" duration-ms="8527" started-at="2021-12-20T22:33:32Z" finished-at="2021-12-20T22:33:41Z">
          <params>
            <param index="0">
              <value>
                <![CDATA[chrome]]>
              </value>
            </param>
          </params>
          <reporter-output>
          </reporter-output>
        </test-method> <!-- getDriver -->
        <test-method status="PASS" signature="afterMethod()[pri:0, instance:SanityTest.Signin@737996a0]" name="afterMethod" is-config="true" duration-ms="708" started-at="2021-12-20T22:33:41Z" finished-at="2021-12-20T22:33:42Z">
          <reporter-output>
          </reporter-output>
        </test-method> <!-- afterMethod -->
        <test-method status="PASS" signature="beforeMethod(java.lang.String)[pri:0, instance:SanityTest.Signin@737996a0]" name="beforeMethod" is-config="true" duration-ms="7038" started-at="2021-12-20T22:33:42Z" finished-at="2021-12-20T22:33:49Z">
          <params>
            <param index="0">
              <value>
                <![CDATA[chrome]]>
              </value>
            </param>
          </params>
          <reporter-output>
          </reporter-output>
        </test-method> <!-- beforeMethod -->
        <test-method status="SKIP" signature="SignIn()[pri:0, instance:SanityTest.Signin@737996a0]" name="SignIn" duration-ms="63346" started-at="2021-12-20T22:33:49Z" finished-at="2021-12-20T22:34:52Z">
          <exception class="org.openqa.selenium.NoSuchElementException">
            <message>
              <![CDATA[no such element: Unable to locate element: {"method":"css selector","selector":"#id_gender1"}
  (Session info: chrome=96.0.4664.110)
For documentation on this error, please visit: https://selenium.dev/exceptions/#no_such_element
Build info: version: '4.0.0', revision: '3a21814679'
System info: host: 'AHMADMALLOH', ip: '10.8.0.3', os.name: 'Windows 10', os.arch: 'amd64', os.version: '10.0', java.version: '1.8.0_301'
Driver info: org.openqa.selenium.chrome.ChromeDriver
Command: [3819a3fcfe964a4b6b75f9d7bec32151, findElement {using=id, value=id_gender1}]
Capabilities {acceptInsecureCerts: false, browserName: chrome, browserVersion: 96.0.4664.110, chrome: {chromedriverVersion: 96.0.4664.45 (76e4c1bb2ab46..., userDataDir: C:\Users\User\AppData\Local...}, goog:chromeOptions: {debuggerAddress: localhost:56777}, javascriptEnabled: true, networkConnectionEnabled: false, pageLoadStrategy: normal, platform: WINDOWS, platformName: WINDOWS, proxy: Proxy(), se:cdp: ws://localhost:56777/devtoo..., se:cdpVersion: 96.0.4664.110, setWindowRect: true, strictFileInteractability: false, timeouts: {implicit: 0, pageLoad: 300000, script: 30000}, unhandledPromptBehavior: dismiss and notify, webauthn:extension:credBlob: true, webauthn:extension:largeBlob: true, webauthn:virtualAuthenticators: true}
Session ID: 3819a3fcfe964a4b6b75f9d7bec32151]]>
            </message>
            <full-stacktrace>
              <![CDATA[org.openqa.selenium.NoSuchElementException: no such element: Unable to locate element: {"method":"css selector","selector":"#id_gender1"}
  (Session info: chrome=96.0.4664.110)
For documentation on this error, please visit: https://selenium.dev/exceptions/#no_such_element
Build info: version: '4.0.0', revision: '3a21814679'
System info: host: 'AHMADMALLOH', ip: '10.8.0.3', os.name: 'Windows 10', os.arch: 'amd64', os.version: '10.0', java.version: '1.8.0_301'
Driver info: org.openqa.selenium.chrome.ChromeDriver
Command: [3819a3fcfe964a4b6b75f9d7bec32151, findElement {using=id, value=id_gender1}]
Capabilities {acceptInsecureCerts: false, browserName: chrome, browserVersion: 96.0.4664.110, chrome: {chromedriverVersion: 96.0.4664.45 (76e4c1bb2ab46..., userDataDir: C:\Users\User\AppData\Local...}, goog:chromeOptions: {debuggerAddress: localhost:56777}, javascriptEnabled: true, networkConnectionEnabled: false, pageLoadStrategy: normal, platform: WINDOWS, platformName: WINDOWS, proxy: Proxy(), se:cdp: ws://localhost:56777/devtoo..., se:cdpVersion: 96.0.4664.110, setWindowRect: true, strictFileInteractability: false, timeouts: {implicit: 0, pageLoad: 300000, script: 30000}, unhandledPromptBehavior: dismiss and notify, webauthn:extension:credBlob: true, webauthn:extension:largeBlob: true, webauthn:virtualAuthenticators: true}
Session ID: 3819a3fcfe964a4b6b75f9d7bec32151
	at sun.reflect.NativeConstructorAccessorImpl.newInstance0(Native Method)
	at sun.reflect.NativeConstructorAccessorImpl.newInstance(Unknown Source)
	at sun.reflect.DelegatingConstructorAccessorImpl.newInstance(Unknown Source)
	at java.lang.reflect.Constructor.newInstance(Unknown Source)
	at org.openqa.selenium.remote.codec.w3c.W3CHttpResponseCodec.createException(W3CHttpResponseCodec.java:200)
	at org.openqa.selenium.remote.codec.w3c.W3CHttpResponseCodec.decode(W3CHttpResponseCodec.java:133)
	at org.openqa.selenium.remote.codec.w3c.W3CHttpResponseCodec.decode(W3CHttpResponseCodec.java:53)
	at org.openqa.selenium.remote.HttpCommandExecutor.execute(HttpCommandExecutor.java:184)
	at org.openqa.selenium.remote.service.DriverCommandExecutor.invokeExecute(DriverCommandExecutor.java:164)
	at org.openqa.selenium.remote.service.DriverCommandExecutor.execute(DriverCommandExecutor.java:139)
	at org.openqa.selenium.remote.RemoteWebDriver.execute(RemoteWebDriver.java:559)
	at org.openqa.selenium.remote.ElementLocation$ElementFinder$2.findElement(ElementLocation.java:162)
	at org.openqa.selenium.remote.ElementLocation.findElement(ElementLocation.java:60)
	at org.openqa.selenium.remote.RemoteWebDriver.findElement(RemoteWebDriver.java:383)
	at org.openqa.selenium.remote.RemoteWebDriver.findElement(RemoteWebDriver.java:375)
	at Configration.ConfigData.ClickOnBy_Id(ConfigData.java:71)
	at PageObjectModel.Signin_PO.Fill_Title(Signin_PO.java:36)
	at SanityTest.Signin.SignIn(Signin.java:36)
	at sun.reflect.NativeMethodAccessorImpl.invoke0(Native Method)
	at sun.reflect.NativeMethodAccessorImpl.invoke(Unknown Source)
	at sun.reflect.DelegatingMethodAccessorImpl.invoke(Unknown Source)
	at java.lang.reflect.Method.invoke(Unknown Source)
	at org.testng.internal.MethodInvocationHelper.invokeMethod(MethodInvocationHelper.java:86)
	at org.testng.internal.Invoker.invokeMethod(Invoker.java:645)
	at org.testng.internal.Invoker.invokeTestMethod(Invoker.java:822)
	at org.testng.internal.Invoker.invokeTestMethods(Invoker.java:1130)
	at org.testng.internal.TestMethodWorker.invokeTestMethods(TestMethodWorker.java:129)
	at org.testng.internal.TestMethodWorker.run(TestMethodWorker.java:112)
	at org.testng.TestRunner.privateRun(TestRunner.java:782)
	at org.testng.TestRunner.run(TestRunner.java:632)
	at org.testng.SuiteRunner.runTest(SuiteRunner.java:366)
	at org.testng.SuiteRunner.runSequentially(SuiteRunner.java:361)
	at org.testng.SuiteRunner.privateRun(SuiteRunner.java:319)
	at org.testng.SuiteRunner.run(SuiteRunner.java:268)
	at org.testng.SuiteRunnerWorker.runSuite(SuiteRunnerWorker.java:52)
	at org.testng.SuiteRunnerWorker.run(SuiteRunnerWorker.java:86)
	at org.testng.TestNG.runSuitesSequentially(TestNG.java:1244)
	at org.testng.TestNG.runSuitesLocally(TestNG.java:1169)
	at org.testng.TestNG.run(TestNG.java:1064)
	at org.testng.remote.RemoteTestNG.run(RemoteTestNG.java:113)
	at org.testng.remote.RemoteTestNG.initAndRun(RemoteTestNG.java:206)
	at org.testng.remote.RemoteTestNG.main(RemoteTestNG.java:177)
]]>
            </full-stacktrace>
          </exception> <!-- org.openqa.selenium.NoSuchElementException -->
          <reporter-output>
          </reporter-output>
        </test-method> <!-- SignIn -->
        <test-method status="PASS" signature="afterMethod()[pri:0, instance:SanityTest.Signin@737996a0]" name="afterMethod" is-config="true" duration-ms="710" started-at="2021-12-20T22:34:52Z" finished-at="2021-12-20T22:34:53Z">
          <reporter-output>
          </reporter-output>
        </test-method> <!-- afterMethod -->
        <test-method status="PASS" signature="beforeMethod(java.lang.String)[pri:0, instance:SanityTest.Signin@737996a0]" name="beforeMethod" is-config="true" duration-ms="7133" started-at="2021-12-20T22:34:53Z" finished-at="2021-12-20T22:35:00Z">
          <params>
            <param index="0">
              <value>
                <![CDATA[chrome]]>
              </value>
            </param>
          </params>
          <reporter-output>
          </reporter-output>
        </test-method> <!-- beforeMethod -->
        <test-method status="SKIP" signature="SignIn()[pri:0, instance:SanityTest.Signin@737996a0]" name="SignIn" duration-ms="67123" started-at="2021-12-20T22:35:00Z" finished-at="2021-12-20T22:36:07Z">
          <exception class="org.openqa.selenium.NoSuchElementException">
            <message>
              <![CDATA[no such element: Unable to locate element: {"method":"css selector","selector":"#id_gender1"}
  (Session info: chrome=96.0.4664.110)
For documentation on this error, please visit: https://selenium.dev/exceptions/#no_such_element
Build info: version: '4.0.0', revision: '3a21814679'
System info: host: 'AHMADMALLOH', ip: '10.8.0.3', os.name: 'Windows 10', os.arch: 'amd64', os.version: '10.0', java.version: '1.8.0_301'
Driver info: org.openqa.selenium.chrome.ChromeDriver
Command: [3c288b550c394196b95f70b84eef0562, findElement {using=id, value=id_gender1}]
Capabilities {acceptInsecureCerts: false, browserName: chrome, browserVersion: 96.0.4664.110, chrome: {chromedriverVersion: 96.0.4664.45 (76e4c1bb2ab46..., userDataDir: C:\Users\User\AppData\Local...}, goog:chromeOptions: {debuggerAddress: localhost:56828}, javascriptEnabled: true, networkConnectionEnabled: false, pageLoadStrategy: normal, platform: WINDOWS, platformName: WINDOWS, proxy: Proxy(), se:cdp: ws://localhost:56828/devtoo..., se:cdpVersion: 96.0.4664.110, setWindowRect: true, strictFileInteractability: false, timeouts: {implicit: 0, pageLoad: 300000, script: 30000}, unhandledPromptBehavior: dismiss and notify, webauthn:extension:credBlob: true, webauthn:extension:largeBlob: true, webauthn:virtualAuthenticators: true}
Session ID: 3c288b550c394196b95f70b84eef0562]]>
            </message>
            <full-stacktrace>
              <![CDATA[org.openqa.selenium.NoSuchElementException: no such element: Unable to locate element: {"method":"css selector","selector":"#id_gender1"}
  (Session info: chrome=96.0.4664.110)
For documentation on this error, please visit: https://selenium.dev/exceptions/#no_such_element
Build info: version: '4.0.0', revision: '3a21814679'
System info: host: 'AHMADMALLOH', ip: '10.8.0.3', os.name: 'Windows 10', os.arch: 'amd64', os.version: '10.0', java.version: '1.8.0_301'
Driver info: org.openqa.selenium.chrome.ChromeDriver
Command: [3c288b550c394196b95f70b84eef0562, findElement {using=id, value=id_gender1}]
Capabilities {acceptInsecureCerts: false, browserName: chrome, browserVersion: 96.0.4664.110, chrome: {chromedriverVersion: 96.0.4664.45 (76e4c1bb2ab46..., userDataDir: C:\Users\User\AppData\Local...}, goog:chromeOptions: {debuggerAddress: localhost:56828}, javascriptEnabled: true, networkConnectionEnabled: false, pageLoadStrategy: normal, platform: WINDOWS, platformName: WINDOWS, proxy: Proxy(), se:cdp: ws://localhost:56828/devtoo..., se:cdpVersion: 96.0.4664.110, setWindowRect: true, strictFileInteractability: false, timeouts: {implicit: 0, pageLoad: 300000, script: 30000}, unhandledPromptBehavior: dismiss and notify, webauthn:extension:credBlob: true, webauthn:extension:largeBlob: true, webauthn:virtualAuthenticators: true}
Session ID: 3c288b550c394196b95f70b84eef0562
	at sun.reflect.NativeConstructorAccessorImpl.newInstance0(Native Method)
	at sun.reflect.NativeConstructorAccessorImpl.newInstance(Unknown Source)
	at sun.reflect.DelegatingConstructorAccessorImpl.newInstance(Unknown Source)
	at java.lang.reflect.Constructor.newInstance(Unknown Source)
	at org.openqa.selenium.remote.codec.w3c.W3CHttpResponseCodec.createException(W3CHttpResponseCodec.java:200)
	at org.openqa.selenium.remote.codec.w3c.W3CHttpResponseCodec.decode(W3CHttpResponseCodec.java:133)
	at org.openqa.selenium.remote.codec.w3c.W3CHttpResponseCodec.decode(W3CHttpResponseCodec.java:53)
	at org.openqa.selenium.remote.HttpCommandExecutor.execute(HttpCommandExecutor.java:184)
	at org.openqa.selenium.remote.service.DriverCommandExecutor.invokeExecute(DriverCommandExecutor.java:164)
	at org.openqa.selenium.remote.service.DriverCommandExecutor.execute(DriverCommandExecutor.java:139)
	at org.openqa.selenium.remote.RemoteWebDriver.execute(RemoteWebDriver.java:559)
	at org.openqa.selenium.remote.ElementLocation$ElementFinder$2.findElement(ElementLocation.java:162)
	at org.openqa.selenium.remote.ElementLocation.findElement(ElementLocation.java:60)
	at org.openqa.selenium.remote.RemoteWebDriver.findElement(RemoteWebDriver.java:383)
	at org.openqa.selenium.remote.RemoteWebDriver.findElement(RemoteWebDriver.java:375)
	at Configration.ConfigData.ClickOnBy_Id(ConfigData.java:71)
	at PageObjectModel.Signin_PO.Fill_Title(Signin_PO.java:36)
	at SanityTest.Signin.SignIn(Signin.java:36)
	at sun.reflect.NativeMethodAccessorImpl.invoke0(Native Method)
	at sun.reflect.NativeMethodAccessorImpl.invoke(Unknown Source)
	at sun.reflect.DelegatingMethodAccessorImpl.invoke(Unknown Source)
	at java.lang.reflect.Method.invoke(Unknown Source)
	at org.testng.internal.MethodInvocationHelper.invokeMethod(MethodInvocationHelper.java:86)
	at org.testng.internal.Invoker.invokeMethod(Invoker.java:645)
	at org.testng.internal.Invoker.retryFailed(Invoker.java:969)
	at org.testng.internal.Invoker.invokeTestMethods(Invoker.java:1148)
	at org.testng.internal.TestMethodWorker.invokeTestMethods(TestMethodWorker.java:129)
	at org.testng.internal.TestMethodWorker.run(TestMethodWorker.java:112)
	at org.testng.TestRunner.privateRun(TestRunner.java:782)
	at org.testng.TestRunner.run(TestRunner.java:632)
	at org.testng.SuiteRunner.runTest(SuiteRunner.java:366)
	at org.testng.SuiteRunner.runSequentially(SuiteRunner.java:361)
	at org.testng.SuiteRunner.privateRun(SuiteRunner.java:319)
	at org.testng.SuiteRunner.run(SuiteRunner.java:268)
	at org.testng.SuiteRunnerWorker.runSuite(SuiteRunnerWorker.java:52)
	at org.testng.SuiteRunnerWorker.run(SuiteRunnerWorker.java:86)
	at org.testng.TestNG.runSuitesSequentially(TestNG.java:1244)
	at org.testng.TestNG.runSuitesLocally(TestNG.java:1169)
	at org.testng.TestNG.run(TestNG.java:1064)
	at org.testng.remote.RemoteTestNG.run(RemoteTestNG.java:113)
	at org.testng.remote.RemoteTestNG.initAndRun(RemoteTestNG.java:206)
	at org.testng.remote.RemoteTestNG.main(RemoteTestNG.java:177)
]]>
            </full-stacktrace>
          </exception> <!-- org.openqa.selenium.NoSuchElementException -->
          <reporter-output>
          </reporter-output>
        </test-method> <!-- SignIn -->
        <test-method status="PASS" signature="afterMethod()[pri:0, instance:SanityTest.Signin@737996a0]" name="afterMethod" is-config="true" duration-ms="737" started-at="2021-12-20T22:36:07Z" finished-at="2021-12-20T22:36:08Z">
          <reporter-output>
          </reporter-output>
        </test-method> <!-- afterMethod -->
        <test-method status="PASS" signature="beforeMethod(java.lang.String)[pri:0, instance:SanityTest.Signin@737996a0]" name="beforeMethod" is-config="true" duration-ms="7797" started-at="2021-12-20T22:36:08Z" finished-at="2021-12-20T22:36:16Z">
          <params>
            <param index="0">
              <value>
                <![CDATA[chrome]]>
              </value>
            </param>
          </params>
          <reporter-output>
          </reporter-output>
        </test-method> <!-- beforeMethod -->
        <test-method status="SKIP" signature="SignIn()[pri:0, instance:SanityTest.Signin@737996a0]" name="SignIn" duration-ms="62744" started-at="2021-12-20T22:36:16Z" finished-at="2021-12-20T22:37:18Z">
          <exception class="org.openqa.selenium.NoSuchElementException">
            <message>
              <![CDATA[no such element: Unable to locate element: {"method":"css selector","selector":"#id_gender1"}
  (Session info: chrome=96.0.4664.110)
For documentation on this error, please visit: https://selenium.dev/exceptions/#no_such_element
Build info: version: '4.0.0', revision: '3a21814679'
System info: host: 'AHMADMALLOH', ip: '10.8.0.3', os.name: 'Windows 10', os.arch: 'amd64', os.version: '10.0', java.version: '1.8.0_301'
Driver info: org.openqa.selenium.chrome.ChromeDriver
Command: [1c8e6d99244fcd1a55e3ad9f35c53906, findElement {using=id, value=id_gender1}]
Capabilities {acceptInsecureCerts: false, browserName: chrome, browserVersion: 96.0.4664.110, chrome: {chromedriverVersion: 96.0.4664.45 (76e4c1bb2ab46..., userDataDir: C:\Users\User\AppData\Local...}, goog:chromeOptions: {debuggerAddress: localhost:56886}, javascriptEnabled: true, networkConnectionEnabled: false, pageLoadStrategy: normal, platform: WINDOWS, platformName: WINDOWS, proxy: Proxy(), se:cdp: ws://localhost:56886/devtoo..., se:cdpVersion: 96.0.4664.110, setWindowRect: true, strictFileInteractability: false, timeouts: {implicit: 0, pageLoad: 300000, script: 30000}, unhandledPromptBehavior: dismiss and notify, webauthn:extension:credBlob: true, webauthn:extension:largeBlob: true, webauthn:virtualAuthenticators: true}
Session ID: 1c8e6d99244fcd1a55e3ad9f35c53906]]>
            </message>
            <full-stacktrace>
              <![CDATA[org.openqa.selenium.NoSuchElementException: no such element: Unable to locate element: {"method":"css selector","selector":"#id_gender1"}
  (Session info: chrome=96.0.4664.110)
For documentation on this error, please visit: https://selenium.dev/exceptions/#no_such_element
Build info: version: '4.0.0', revision: '3a21814679'
System info: host: 'AHMADMALLOH', ip: '10.8.0.3', os.name: 'Windows 10', os.arch: 'amd64', os.version: '10.0', java.version: '1.8.0_301'
Driver info: org.openqa.selenium.chrome.ChromeDriver
Command: [1c8e6d99244fcd1a55e3ad9f35c53906, findElement {using=id, value=id_gender1}]
Capabilities {acceptInsecureCerts: false, browserName: chrome, browserVersion: 96.0.4664.110, chrome: {chromedriverVersion: 96.0.4664.45 (76e4c1bb2ab46..., userDataDir: C:\Users\User\AppData\Local...}, goog:chromeOptions: {debuggerAddress: localhost:56886}, javascriptEnabled: true, networkConnectionEnabled: false, pageLoadStrategy: normal, platform: WINDOWS, platformName: WINDOWS, proxy: Proxy(), se:cdp: ws://localhost:56886/devtoo..., se:cdpVersion: 96.0.4664.110, setWindowRect: true, strictFileInteractability: false, timeouts: {implicit: 0, pageLoad: 300000, script: 30000}, unhandledPromptBehavior: dismiss and notify, webauthn:extension:credBlob: true, webauthn:extension:largeBlob: true, webauthn:virtualAuthenticators: true}
Session ID: 1c8e6d99244fcd1a55e3ad9f35c53906
	at sun.reflect.NativeConstructorAccessorImpl.newInstance0(Native Method)
	at sun.reflect.NativeConstructorAccessorImpl.newInstance(Unknown Source)
	at sun.reflect.DelegatingConstructorAccessorImpl.newInstance(Unknown Source)
	at java.lang.reflect.Constructor.newInstance(Unknown Source)
	at org.openqa.selenium.remote.codec.w3c.W3CHttpResponseCodec.createException(W3CHttpResponseCodec.java:200)
	at org.openqa.selenium.remote.codec.w3c.W3CHttpResponseCodec.decode(W3CHttpResponseCodec.java:133)
	at org.openqa.selenium.remote.codec.w3c.W3CHttpResponseCodec.decode(W3CHttpResponseCodec.java:53)
	at org.openqa.selenium.remote.HttpCommandExecutor.execute(HttpCommandExecutor.java:184)
	at org.openqa.selenium.remote.service.DriverCommandExecutor.invokeExecute(DriverCommandExecutor.java:164)
	at org.openqa.selenium.remote.service.DriverCommandExecutor.execute(DriverCommandExecutor.java:139)
	at org.openqa.selenium.remote.RemoteWebDriver.execute(RemoteWebDriver.java:559)
	at org.openqa.selenium.remote.ElementLocation$ElementFinder$2.findElement(ElementLocation.java:162)
	at org.openqa.selenium.remote.ElementLocation.findElement(ElementLocation.java:60)
	at org.openqa.selenium.remote.RemoteWebDriver.findElement(RemoteWebDriver.java:383)
	at org.openqa.selenium.remote.RemoteWebDriver.findElement(RemoteWebDriver.java:375)
	at Configration.ConfigData.ClickOnBy_Id(ConfigData.java:71)
	at PageObjectModel.Signin_PO.Fill_Title(Signin_PO.java:36)
	at SanityTest.Signin.SignIn(Signin.java:36)
	at sun.reflect.NativeMethodAccessorImpl.invoke0(Native Method)
	at sun.reflect.NativeMethodAccessorImpl.invoke(Unknown Source)
	at sun.reflect.DelegatingMethodAccessorImpl.invoke(Unknown Source)
	at java.lang.reflect.Method.invoke(Unknown Source)
	at org.testng.internal.MethodInvocationHelper.invokeMethod(MethodInvocationHelper.java:86)
	at org.testng.internal.Invoker.invokeMethod(Invoker.java:645)
	at org.testng.internal.Invoker.retryFailed(Invoker.java:969)
	at org.testng.internal.Invoker.invokeTestMethods(Invoker.java:1148)
	at org.testng.internal.TestMethodWorker.invokeTestMethods(TestMethodWorker.java:129)
	at org.testng.internal.TestMethodWorker.run(TestMethodWorker.java:112)
	at org.testng.TestRunner.privateRun(TestRunner.java:782)
	at org.testng.TestRunner.run(TestRunner.java:632)
	at org.testng.SuiteRunner.runTest(SuiteRunner.java:366)
	at org.testng.SuiteRunner.runSequentially(SuiteRunner.java:361)
	at org.testng.SuiteRunner.privateRun(SuiteRunner.java:319)
	at org.testng.SuiteRunner.run(SuiteRunner.java:268)
	at org.testng.SuiteRunnerWorker.runSuite(SuiteRunnerWorker.java:52)
	at org.testng.SuiteRunnerWorker.run(SuiteRunnerWorker.java:86)
	at org.testng.TestNG.runSuitesSequentially(TestNG.java:1244)
	at org.testng.TestNG.runSuitesLocally(TestNG.java:1169)
	at org.testng.TestNG.run(TestNG.java:1064)
	at org.testng.remote.RemoteTestNG.run(RemoteTestNG.java:113)
	at org.testng.remote.RemoteTestNG.initAndRun(RemoteTestNG.java:206)
	at org.testng.remote.RemoteTestNG.main(RemoteTestNG.java:177)
]]>
            </full-stacktrace>
          </exception> <!-- org.openqa.selenium.NoSuchElementException -->
          <reporter-output>
          </reporter-output>
        </test-method> <!-- SignIn -->
        <test-method status="PASS" signature="afterMethod()[pri:0, instance:SanityTest.Signin@737996a0]" name="afterMethod" is-config="true" duration-ms="724" started-at="2021-12-20T22:37:18Z" finished-at="2021-12-20T22:37:19Z">
          <reporter-output>
          </reporter-output>
        </test-method> <!-- afterMethod -->
        <test-method status="PASS" signature="beforeMethod(java.lang.String)[pri:0, instance:SanityTest.Signin@737996a0]" name="beforeMethod" is-config="true" duration-ms="7414" started-at="2021-12-20T22:37:19Z" finished-at="2021-12-20T22:37:27Z">
          <params>
            <param index="0">
              <value>
                <![CDATA[chrome]]>
              </value>
            </param>
          </params>
          <reporter-output>
          </reporter-output>
        </test-method> <!-- beforeMethod -->
        <test-method status="FAIL" signature="SignIn()[pri:0, instance:SanityTest.Signin@737996a0]" name="SignIn" duration-ms="62467" started-at="2021-12-20T22:37:27Z" finished-at="2021-12-20T22:38:29Z">
          <exception class="org.openqa.selenium.NoSuchElementException">
            <message>
              <![CDATA[no such element: Unable to locate element: {"method":"css selector","selector":"#id_gender1"}
  (Session info: chrome=96.0.4664.110)
For documentation on this error, please visit: https://selenium.dev/exceptions/#no_such_element
Build info: version: '4.0.0', revision: '3a21814679'
System info: host: 'AHMADMALLOH', ip: '10.8.0.3', os.name: 'Windows 10', os.arch: 'amd64', os.version: '10.0', java.version: '1.8.0_301'
Driver info: org.openqa.selenium.chrome.ChromeDriver
Command: [a1ed219f44611bae448eaca14c43789c, findElement {using=id, value=id_gender1}]
Capabilities {acceptInsecureCerts: false, browserName: chrome, browserVersion: 96.0.4664.110, chrome: {chromedriverVersion: 96.0.4664.45 (76e4c1bb2ab46..., userDataDir: C:\Users\User\AppData\Local...}, goog:chromeOptions: {debuggerAddress: localhost:56940}, javascriptEnabled: true, networkConnectionEnabled: false, pageLoadStrategy: normal, platform: WINDOWS, platformName: WINDOWS, proxy: Proxy(), se:cdp: ws://localhost:56940/devtoo..., se:cdpVersion: 96.0.4664.110, setWindowRect: true, strictFileInteractability: false, timeouts: {implicit: 0, pageLoad: 300000, script: 30000}, unhandledPromptBehavior: dismiss and notify, webauthn:extension:credBlob: true, webauthn:extension:largeBlob: true, webauthn:virtualAuthenticators: true}
Session ID: a1ed219f44611bae448eaca14c43789c]]>
            </message>
            <full-stacktrace>
              <![CDATA[org.openqa.selenium.NoSuchElementException: no such element: Unable to locate element: {"method":"css selector","selector":"#id_gender1"}
  (Session info: chrome=96.0.4664.110)
For documentation on this error, please visit: https://selenium.dev/exceptions/#no_such_element
Build info: version: '4.0.0', revision: '3a21814679'
System info: host: 'AHMADMALLOH', ip: '10.8.0.3', os.name: 'Windows 10', os.arch: 'amd64', os.version: '10.0', java.version: '1.8.0_301'
Driver info: org.openqa.selenium.chrome.ChromeDriver
Command: [a1ed219f44611bae448eaca14c43789c, findElement {using=id, value=id_gender1}]
Capabilities {acceptInsecureCerts: false, browserName: chrome, browserVersion: 96.0.4664.110, chrome: {chromedriverVersion: 96.0.4664.45 (76e4c1bb2ab46..., userDataDir: C:\Users\User\AppData\Local...}, goog:chromeOptions: {debuggerAddress: localhost:56940}, javascriptEnabled: true, networkConnectionEnabled: false, pageLoadStrategy: normal, platform: WINDOWS, platformName: WINDOWS, proxy: Proxy(), se:cdp: ws://localhost:56940/devtoo..., se:cdpVersion: 96.0.4664.110, setWindowRect: true, strictFileInteractability: false, timeouts: {implicit: 0, pageLoad: 300000, script: 30000}, unhandledPromptBehavior: dismiss and notify, webauthn:extension:credBlob: true, webauthn:extension:largeBlob: true, webauthn:virtualAuthenticators: true}
Session ID: a1ed219f44611bae448eaca14c43789c
	at sun.reflect.NativeConstructorAccessorImpl.newInstance0(Native Method)
	at sun.reflect.NativeConstructorAccessorImpl.newInstance(Unknown Source)
	at sun.reflect.DelegatingConstructorAccessorImpl.newInstance(Unknown Source)
	at java.lang.reflect.Constructor.newInstance(Unknown Source)
	at org.openqa.selenium.remote.codec.w3c.W3CHttpResponseCodec.createException(W3CHttpResponseCodec.java:200)
	at org.openqa.selenium.remote.codec.w3c.W3CHttpResponseCodec.decode(W3CHttpResponseCodec.java:133)
	at org.openqa.selenium.remote.codec.w3c.W3CHttpResponseCodec.decode(W3CHttpResponseCodec.java:53)
	at org.openqa.selenium.remote.HttpCommandExecutor.execute(HttpCommandExecutor.java:184)
	at org.openqa.selenium.remote.service.DriverCommandExecutor.invokeExecute(DriverCommandExecutor.java:164)
	at org.openqa.selenium.remote.service.DriverCommandExecutor.execute(DriverCommandExecutor.java:139)
	at org.openqa.selenium.remote.RemoteWebDriver.execute(RemoteWebDriver.java:559)
	at org.openqa.selenium.remote.ElementLocation$ElementFinder$2.findElement(ElementLocation.java:162)
	at org.openqa.selenium.remote.ElementLocation.findElement(ElementLocation.java:60)
	at org.openqa.selenium.remote.RemoteWebDriver.findElement(RemoteWebDriver.java:383)
	at org.openqa.selenium.remote.RemoteWebDriver.findElement(RemoteWebDriver.java:375)
	at Configration.ConfigData.ClickOnBy_Id(ConfigData.java:71)
	at PageObjectModel.Signin_PO.Fill_Title(Signin_PO.java:36)
	at SanityTest.Signin.SignIn(Signin.java:36)
	at sun.reflect.NativeMethodAccessorImpl.invoke0(Native Method)
	at sun.reflect.NativeMethodAccessorImpl.invoke(Unknown Source)
	at sun.reflect.DelegatingMethodAccessorImpl.invoke(Unknown Source)
	at java.lang.reflect.Method.invoke(Unknown Source)
	at org.testng.internal.MethodInvocationHelper.invokeMethod(MethodInvocationHelper.java:86)
	at org.testng.internal.Invoker.invokeMethod(Invoker.java:645)
	at org.testng.internal.Invoker.retryFailed(Invoker.java:969)
	at org.testng.internal.Invoker.invokeTestMethods(Invoker.java:1148)
	at org.testng.internal.TestMethodWorker.invokeTestMethods(TestMethodWorker.java:129)
	at org.testng.internal.TestMethodWorker.run(TestMethodWorker.java:112)
	at org.testng.TestRunner.privateRun(TestRunner.java:782)
	at org.testng.TestRunner.run(TestRunner.java:632)
	at org.testng.SuiteRunner.runTest(SuiteRunner.java:366)
	at org.testng.SuiteRunner.runSequentially(SuiteRunner.java:361)
	at org.testng.SuiteRunner.privateRun(SuiteRunner.java:319)
	at org.testng.SuiteRunner.run(SuiteRunner.java:268)
	at org.testng.SuiteRunnerWorker.runSuite(SuiteRunnerWorker.java:52)
	at org.testng.SuiteRunnerWorker.run(SuiteRunnerWorker.java:86)
	at org.testng.TestNG.runSuitesSequentially(TestNG.java:1244)
	at org.testng.TestNG.runSuitesLocally(TestNG.java:1169)
	at org.testng.TestNG.run(TestNG.java:1064)
	at org.testng.remote.RemoteTestNG.run(RemoteTestNG.java:113)
	at org.testng.remote.RemoteTestNG.initAndRun(RemoteTestNG.java:206)
	at org.testng.remote.RemoteTestNG.main(RemoteTestNG.java:177)
]]>
            </full-stacktrace>
          </exception> <!-- org.openqa.selenium.NoSuchElementException -->
          <reporter-output>
          </reporter-output>
        </test-method> <!-- SignIn -->
        <test-method status="PASS" signature="afterMethod()[pri:0, instance:SanityTest.Signin@737996a0]" name="afterMethod" is-config="true" duration-ms="811" started-at="2021-12-20T22:38:29Z" finished-at="2021-12-20T22:38:30Z">
          <reporter-output>
          </reporter-output>
        </test-method> <!-- afterMethod -->
      </class> <!-- SanityTest.Signin -->
    </test> <!-- Signin -->
    <test name="CheckSocialMediaLinks" duration-ms="104780" started-at="2021-12-20T20:38:30Z" finished-at="2021-12-20T20:40:15Z">
      <class name="SanityTest.CheckSocialMediaLinks">
        <test-method status="PASS" signature="beforeMethod(java.lang.String)[pri:0, instance:SanityTest.CheckSocialMediaLinks@26f67b76]" name="beforeMethod" is-config="true" duration-ms="7175" started-at="2021-12-20T22:38:30Z" finished-at="2021-12-20T22:38:37Z">
          <params>
            <param index="0">
              <value>
                <![CDATA[chrome]]>
              </value>
            </param>
          </params>
          <reporter-output>
          </reporter-output>
        </test-method> <!-- beforeMethod -->
        <test-method status="PASS" signature="getDriver(java.lang.String)[pri:0, instance:SanityTest.CheckSocialMediaLinks@26f67b76]" name="getDriver" duration-ms="7176" started-at="2021-12-20T22:38:37Z" finished-at="2021-12-20T22:38:44Z">
          <params>
            <param index="0">
              <value>
                <![CDATA[chrome]]>
              </value>
            </param>
          </params>
          <reporter-output>
          </reporter-output>
        </test-method> <!-- getDriver -->
        <test-method status="PASS" signature="afterMethod()[pri:0, instance:SanityTest.CheckSocialMediaLinks@26f67b76]" name="afterMethod" is-config="true" duration-ms="674" started-at="2021-12-20T22:38:44Z" finished-at="2021-12-20T22:38:45Z">
          <reporter-output>
          </reporter-output>
        </test-method> <!-- afterMethod -->
        <test-method status="PASS" signature="beforeMethod(java.lang.String)[pri:0, instance:SanityTest.CheckSocialMediaLinks@26f67b76]" name="beforeMethod" is-config="true" duration-ms="8504" started-at="2021-12-20T22:38:45Z" finished-at="2021-12-20T22:38:53Z">
          <params>
            <param index="0">
              <value>
                <![CDATA[chrome]]>
              </value>
            </param>
          </params>
          <reporter-output>
          </reporter-output>
        </test-method> <!-- beforeMethod -->
        <test-method status="PASS" signature="CheckFaceBookLink()[pri:1, instance:SanityTest.CheckSocialMediaLinks@26f67b76]" name="CheckFaceBookLink" duration-ms="4875" started-at="2021-12-20T22:38:53Z" finished-at="2021-12-20T22:38:58Z">
          <reporter-output>
          </reporter-output>
        </test-method> <!-- CheckFaceBookLink -->
        <test-method status="PASS" signature="afterMethod()[pri:0, instance:SanityTest.CheckSocialMediaLinks@26f67b76]" name="afterMethod" is-config="true" duration-ms="748" started-at="2021-12-20T22:38:58Z" finished-at="2021-12-20T22:38:59Z">
          <reporter-output>
          </reporter-output>
        </test-method> <!-- afterMethod -->
        <test-method status="PASS" signature="beforeMethod(java.lang.String)[pri:0, instance:SanityTest.CheckSocialMediaLinks@26f67b76]" name="beforeMethod" is-config="true" duration-ms="7881" started-at="2021-12-20T22:38:59Z" finished-at="2021-12-20T22:39:07Z">
          <params>
            <param index="0">
              <value>
                <![CDATA[chrome]]>
              </value>
            </param>
          </params>
          <reporter-output>
          </reporter-output>
        </test-method> <!-- beforeMethod -->
        <test-method status="PASS" signature="CheckTwitterLink()[pri:2, instance:SanityTest.CheckSocialMediaLinks@26f67b76]" name="CheckTwitterLink" duration-ms="3272" started-at="2021-12-20T22:39:07Z" finished-at="2021-12-20T22:39:10Z">
          <reporter-output>
          </reporter-output>
        </test-method> <!-- CheckTwitterLink -->
        <test-method status="PASS" signature="afterMethod()[pri:0, instance:SanityTest.CheckSocialMediaLinks@26f67b76]" name="afterMethod" is-config="true" duration-ms="681" started-at="2021-12-20T22:39:10Z" finished-at="2021-12-20T22:39:11Z">
          <reporter-output>
          </reporter-output>
        </test-method> <!-- afterMethod -->
        <test-method status="PASS" signature="beforeMethod(java.lang.String)[pri:0, instance:SanityTest.CheckSocialMediaLinks@26f67b76]" name="beforeMethod" is-config="true" duration-ms="7664" started-at="2021-12-20T22:39:11Z" finished-at="2021-12-20T22:39:19Z">
          <params>
            <param index="0">
              <value>
                <![CDATA[chrome]]>
              </value>
            </param>
          </params>
          <reporter-output>
          </reporter-output>
        </test-method> <!-- beforeMethod -->
        <test-method status="PASS" signature="CheckYoutubeLink()[pri:3, instance:SanityTest.CheckSocialMediaLinks@26f67b76]" name="CheckYoutubeLink" duration-ms="5980" started-at="2021-12-20T22:39:19Z" finished-at="2021-12-20T22:39:25Z">
          <reporter-output>
          </reporter-output>
        </test-method> <!-- CheckYoutubeLink -->
        <test-method status="PASS" signature="afterMethod()[pri:0, instance:SanityTest.CheckSocialMediaLinks@26f67b76]" name="afterMethod" is-config="true" duration-ms="735" started-at="2021-12-20T22:39:25Z" finished-at="2021-12-20T22:39:25Z">
          <reporter-output>
          </reporter-output>
        </test-method> <!-- afterMethod -->
        <test-method status="PASS" signature="beforeMethod(java.lang.String)[pri:0, instance:SanityTest.CheckSocialMediaLinks@26f67b76]" name="beforeMethod" is-config="true" duration-ms="7793" started-at="2021-12-20T22:39:25Z" finished-at="2021-12-20T22:39:33Z">
          <params>
            <param index="0">
              <value>
                <![CDATA[chrome]]>
              </value>
            </param>
          </params>
          <reporter-output>
          </reporter-output>
        </test-method> <!-- beforeMethod -->
        <test-method status="SKIP" signature="CheckGoogleLink()[pri:4, instance:SanityTest.CheckSocialMediaLinks@26f67b76]" name="CheckGoogleLink" duration-ms="4120" started-at="2021-12-20T22:39:33Z" finished-at="2021-12-20T22:39:37Z">
          <exception class="java.lang.AssertionError">
            <message>
              <![CDATA[expected [https://plus.google.com/111979135243110831526/posts] but found [https://accounts.google.com/signin/v2/identifier?passive=1209600&osid=1&continue=https%3A%2F%2Fplus.google.com%2F111979135243110831526%2Fposts&followup=https%3A%2F%2Fplus.google.com%2F111979135243110831526%2Fposts&flowName=GlifWebSignIn&flowEntry=ServiceLogin]]]>
            </message>
            <full-stacktrace>
              <![CDATA[java.lang.AssertionError: expected [https://plus.google.com/111979135243110831526/posts] but found [https://accounts.google.com/signin/v2/identifier?passive=1209600&osid=1&continue=https%3A%2F%2Fplus.google.com%2F111979135243110831526%2Fposts&followup=https%3A%2F%2Fplus.google.com%2F111979135243110831526%2Fposts&flowName=GlifWebSignIn&flowEntry=ServiceLogin]
	at org.testng.Assert.fail(Assert.java:94)
	at org.testng.Assert.failNotEquals(Assert.java:513)
	at org.testng.Assert.assertEqualsImpl(Assert.java:135)
	at org.testng.Assert.assertEquals(Assert.java:116)
	at org.testng.Assert.assertEquals(Assert.java:190)
	at org.testng.Assert.assertEquals(Assert.java:200)
	at PageObjectModel.CheckSocialMediaLinks_PO.IsGoogleOpened(CheckSocialMediaLinks_PO.java:105)
	at SanityTest.CheckSocialMediaLinks.CheckGoogleLink(CheckSocialMediaLinks.java:60)
	at sun.reflect.NativeMethodAccessorImpl.invoke0(Native Method)
	at sun.reflect.NativeMethodAccessorImpl.invoke(Unknown Source)
	at sun.reflect.DelegatingMethodAccessorImpl.invoke(Unknown Source)
	at java.lang.reflect.Method.invoke(Unknown Source)
	at org.testng.internal.MethodInvocationHelper.invokeMethod(MethodInvocationHelper.java:86)
	at org.testng.internal.Invoker.invokeMethod(Invoker.java:645)
	at org.testng.internal.Invoker.invokeTestMethod(Invoker.java:822)
	at org.testng.internal.Invoker.invokeTestMethods(Invoker.java:1130)
	at org.testng.internal.TestMethodWorker.invokeTestMethods(TestMethodWorker.java:129)
	at org.testng.internal.TestMethodWorker.run(TestMethodWorker.java:112)
	at org.testng.TestRunner.privateRun(TestRunner.java:782)
	at org.testng.TestRunner.run(TestRunner.java:632)
	at org.testng.SuiteRunner.runTest(SuiteRunner.java:366)
	at org.testng.SuiteRunner.runSequentially(SuiteRunner.java:361)
	at org.testng.SuiteRunner.privateRun(SuiteRunner.java:319)
	at org.testng.SuiteRunner.run(SuiteRunner.java:268)
	at org.testng.SuiteRunnerWorker.runSuite(SuiteRunnerWorker.java:52)
	at org.testng.SuiteRunnerWorker.run(SuiteRunnerWorker.java:86)
	at org.testng.TestNG.runSuitesSequentially(TestNG.java:1244)
	at org.testng.TestNG.runSuitesLocally(TestNG.java:1169)
	at org.testng.TestNG.run(TestNG.java:1064)
	at org.testng.remote.RemoteTestNG.run(RemoteTestNG.java:113)
	at org.testng.remote.RemoteTestNG.initAndRun(RemoteTestNG.java:206)
	at org.testng.remote.RemoteTestNG.main(RemoteTestNG.java:177)
]]>
            </full-stacktrace>
          </exception> <!-- java.lang.AssertionError -->
          <reporter-output>
          </reporter-output>
        </test-method> <!-- CheckGoogleLink -->
        <test-method status="PASS" signature="afterMethod()[pri:0, instance:SanityTest.CheckSocialMediaLinks@26f67b76]" name="afterMethod" is-config="true" duration-ms="1117" started-at="2021-12-20T22:39:37Z" finished-at="2021-12-20T22:39:38Z">
          <reporter-output>
          </reporter-output>
        </test-method> <!-- afterMethod -->
        <test-method status="PASS" signature="beforeMethod(java.lang.String)[pri:0, instance:SanityTest.CheckSocialMediaLinks@26f67b76]" name="beforeMethod" is-config="true" duration-ms="8462" started-at="2021-12-20T22:39:38Z" finished-at="2021-12-20T22:39:47Z">
          <params>
            <param index="0">
              <value>
                <![CDATA[chrome]]>
              </value>
            </param>
          </params>
          <reporter-output>
          </reporter-output>
        </test-method> <!-- beforeMethod -->
        <test-method status="SKIP" signature="CheckGoogleLink()[pri:4, instance:SanityTest.CheckSocialMediaLinks@26f67b76]" name="CheckGoogleLink" duration-ms="3379" started-at="2021-12-20T22:39:47Z" finished-at="2021-12-20T22:39:50Z">
          <exception class="java.lang.AssertionError">
            <message>
              <![CDATA[expected [https://plus.google.com/111979135243110831526/posts] but found [https://accounts.google.com/signin/v2/identifier?passive=1209600&osid=1&continue=https%3A%2F%2Fplus.google.com%2F111979135243110831526%2Fposts&followup=https%3A%2F%2Fplus.google.com%2F111979135243110831526%2Fposts&flowName=GlifWebSignIn&flowEntry=ServiceLogin]]]>
            </message>
            <full-stacktrace>
              <![CDATA[java.lang.AssertionError: expected [https://plus.google.com/111979135243110831526/posts] but found [https://accounts.google.com/signin/v2/identifier?passive=1209600&osid=1&continue=https%3A%2F%2Fplus.google.com%2F111979135243110831526%2Fposts&followup=https%3A%2F%2Fplus.google.com%2F111979135243110831526%2Fposts&flowName=GlifWebSignIn&flowEntry=ServiceLogin]
	at org.testng.Assert.fail(Assert.java:94)
	at org.testng.Assert.failNotEquals(Assert.java:513)
	at org.testng.Assert.assertEqualsImpl(Assert.java:135)
	at org.testng.Assert.assertEquals(Assert.java:116)
	at org.testng.Assert.assertEquals(Assert.java:190)
	at org.testng.Assert.assertEquals(Assert.java:200)
	at PageObjectModel.CheckSocialMediaLinks_PO.IsGoogleOpened(CheckSocialMediaLinks_PO.java:105)
	at SanityTest.CheckSocialMediaLinks.CheckGoogleLink(CheckSocialMediaLinks.java:60)
	at sun.reflect.NativeMethodAccessorImpl.invoke0(Native Method)
	at sun.reflect.NativeMethodAccessorImpl.invoke(Unknown Source)
	at sun.reflect.DelegatingMethodAccessorImpl.invoke(Unknown Source)
	at java.lang.reflect.Method.invoke(Unknown Source)
	at org.testng.internal.MethodInvocationHelper.invokeMethod(MethodInvocationHelper.java:86)
	at org.testng.internal.Invoker.invokeMethod(Invoker.java:645)
	at org.testng.internal.Invoker.retryFailed(Invoker.java:969)
	at org.testng.internal.Invoker.invokeTestMethods(Invoker.java:1148)
	at org.testng.internal.TestMethodWorker.invokeTestMethods(TestMethodWorker.java:129)
	at org.testng.internal.TestMethodWorker.run(TestMethodWorker.java:112)
	at org.testng.TestRunner.privateRun(TestRunner.java:782)
	at org.testng.TestRunner.run(TestRunner.java:632)
	at org.testng.SuiteRunner.runTest(SuiteRunner.java:366)
	at org.testng.SuiteRunner.runSequentially(SuiteRunner.java:361)
	at org.testng.SuiteRunner.privateRun(SuiteRunner.java:319)
	at org.testng.SuiteRunner.run(SuiteRunner.java:268)
	at org.testng.SuiteRunnerWorker.runSuite(SuiteRunnerWorker.java:52)
	at org.testng.SuiteRunnerWorker.run(SuiteRunnerWorker.java:86)
	at org.testng.TestNG.runSuitesSequentially(TestNG.java:1244)
	at org.testng.TestNG.runSuitesLocally(TestNG.java:1169)
	at org.testng.TestNG.run(TestNG.java:1064)
	at org.testng.remote.RemoteTestNG.run(RemoteTestNG.java:113)
	at org.testng.remote.RemoteTestNG.initAndRun(RemoteTestNG.java:206)
	at org.testng.remote.RemoteTestNG.main(RemoteTestNG.java:177)
]]>
            </full-stacktrace>
          </exception> <!-- java.lang.AssertionError -->
          <reporter-output>
          </reporter-output>
        </test-method> <!-- CheckGoogleLink -->
        <test-method status="PASS" signature="afterMethod()[pri:0, instance:SanityTest.CheckSocialMediaLinks@26f67b76]" name="afterMethod" is-config="true" duration-ms="681" started-at="2021-12-20T22:39:50Z" finished-at="2021-12-20T22:39:51Z">
          <reporter-output>
          </reporter-output>
        </test-method> <!-- afterMethod -->
        <test-method status="PASS" signature="beforeMethod(java.lang.String)[pri:0, instance:SanityTest.CheckSocialMediaLinks@26f67b76]" name="beforeMethod" is-config="true" duration-ms="7830" started-at="2021-12-20T22:39:51Z" finished-at="2021-12-20T22:39:59Z">
          <params>
            <param index="0">
              <value>
                <![CDATA[chrome]]>
              </value>
            </param>
          </params>
          <reporter-output>
          </reporter-output>
        </test-method> <!-- beforeMethod -->
        <test-method status="SKIP" signature="CheckGoogleLink()[pri:4, instance:SanityTest.CheckSocialMediaLinks@26f67b76]" name="CheckGoogleLink" duration-ms="3335" started-at="2021-12-20T22:39:59Z" finished-at="2021-12-20T22:40:02Z">
          <exception class="java.lang.AssertionError">
            <message>
              <![CDATA[expected [https://plus.google.com/111979135243110831526/posts] but found [https://accounts.google.com/signin/v2/identifier?passive=1209600&osid=1&continue=https%3A%2F%2Fplus.google.com%2F111979135243110831526%2Fposts&followup=https%3A%2F%2Fplus.google.com%2F111979135243110831526%2Fposts&flowName=GlifWebSignIn&flowEntry=ServiceLogin]]]>
            </message>
            <full-stacktrace>
              <![CDATA[java.lang.AssertionError: expected [https://plus.google.com/111979135243110831526/posts] but found [https://accounts.google.com/signin/v2/identifier?passive=1209600&osid=1&continue=https%3A%2F%2Fplus.google.com%2F111979135243110831526%2Fposts&followup=https%3A%2F%2Fplus.google.com%2F111979135243110831526%2Fposts&flowName=GlifWebSignIn&flowEntry=ServiceLogin]
	at org.testng.Assert.fail(Assert.java:94)
	at org.testng.Assert.failNotEquals(Assert.java:513)
	at org.testng.Assert.assertEqualsImpl(Assert.java:135)
	at org.testng.Assert.assertEquals(Assert.java:116)
	at org.testng.Assert.assertEquals(Assert.java:190)
	at org.testng.Assert.assertEquals(Assert.java:200)
	at PageObjectModel.CheckSocialMediaLinks_PO.IsGoogleOpened(CheckSocialMediaLinks_PO.java:105)
	at SanityTest.CheckSocialMediaLinks.CheckGoogleLink(CheckSocialMediaLinks.java:60)
	at sun.reflect.NativeMethodAccessorImpl.invoke0(Native Method)
	at sun.reflect.NativeMethodAccessorImpl.invoke(Unknown Source)
	at sun.reflect.DelegatingMethodAccessorImpl.invoke(Unknown Source)
	at java.lang.reflect.Method.invoke(Unknown Source)
	at org.testng.internal.MethodInvocationHelper.invokeMethod(MethodInvocationHelper.java:86)
	at org.testng.internal.Invoker.invokeMethod(Invoker.java:645)
	at org.testng.internal.Invoker.retryFailed(Invoker.java:969)
	at org.testng.internal.Invoker.invokeTestMethods(Invoker.java:1148)
	at org.testng.internal.TestMethodWorker.invokeTestMethods(TestMethodWorker.java:129)
	at org.testng.internal.TestMethodWorker.run(TestMethodWorker.java:112)
	at org.testng.TestRunner.privateRun(TestRunner.java:782)
	at org.testng.TestRunner.run(TestRunner.java:632)
	at org.testng.SuiteRunner.runTest(SuiteRunner.java:366)
	at org.testng.SuiteRunner.runSequentially(SuiteRunner.java:361)
	at org.testng.SuiteRunner.privateRun(SuiteRunner.java:319)
	at org.testng.SuiteRunner.run(SuiteRunner.java:268)
	at org.testng.SuiteRunnerWorker.runSuite(SuiteRunnerWorker.java:52)
	at org.testng.SuiteRunnerWorker.run(SuiteRunnerWorker.java:86)
	at org.testng.TestNG.runSuitesSequentially(TestNG.java:1244)
	at org.testng.TestNG.runSuitesLocally(TestNG.java:1169)
	at org.testng.TestNG.run(TestNG.java:1064)
	at org.testng.remote.RemoteTestNG.run(RemoteTestNG.java:113)
	at org.testng.remote.RemoteTestNG.initAndRun(RemoteTestNG.java:206)
	at org.testng.remote.RemoteTestNG.main(RemoteTestNG.java:177)
]]>
            </full-stacktrace>
          </exception> <!-- java.lang.AssertionError -->
          <reporter-output>
          </reporter-output>
        </test-method> <!-- CheckGoogleLink -->
        <test-method status="PASS" signature="afterMethod()[pri:0, instance:SanityTest.CheckSocialMediaLinks@26f67b76]" name="afterMethod" is-config="true" duration-ms="702" started-at="2021-12-20T22:40:02Z" finished-at="2021-12-20T22:40:03Z">
          <reporter-output>
          </reporter-output>
        </test-method> <!-- afterMethod -->
        <test-method status="PASS" signature="beforeMethod(java.lang.String)[pri:0, instance:SanityTest.CheckSocialMediaLinks@26f67b76]" name="beforeMethod" is-config="true" duration-ms="7561" started-at="2021-12-20T22:40:03Z" finished-at="2021-12-20T22:40:10Z">
          <params>
            <param index="0">
              <value>
                <![CDATA[chrome]]>
              </value>
            </param>
          </params>
          <reporter-output>
          </reporter-output>
        </test-method> <!-- beforeMethod -->
        <test-method status="FAIL" signature="CheckGoogleLink()[pri:4, instance:SanityTest.CheckSocialMediaLinks@26f67b76]" name="CheckGoogleLink" duration-ms="3651" started-at="2021-12-20T22:40:10Z" finished-at="2021-12-20T22:40:14Z">
          <exception class="java.lang.AssertionError">
            <message>
              <![CDATA[expected [https://plus.google.com/111979135243110831526/posts] but found [https://accounts.google.com/signin/v2/identifier?passive=1209600&osid=1&continue=https%3A%2F%2Fplus.google.com%2F111979135243110831526%2Fposts&followup=https%3A%2F%2Fplus.google.com%2F111979135243110831526%2Fposts&flowName=GlifWebSignIn&flowEntry=ServiceLogin]]]>
            </message>
            <full-stacktrace>
              <![CDATA[java.lang.AssertionError: expected [https://plus.google.com/111979135243110831526/posts] but found [https://accounts.google.com/signin/v2/identifier?passive=1209600&osid=1&continue=https%3A%2F%2Fplus.google.com%2F111979135243110831526%2Fposts&followup=https%3A%2F%2Fplus.google.com%2F111979135243110831526%2Fposts&flowName=GlifWebSignIn&flowEntry=ServiceLogin]
	at org.testng.Assert.fail(Assert.java:94)
	at org.testng.Assert.failNotEquals(Assert.java:513)
	at org.testng.Assert.assertEqualsImpl(Assert.java:135)
	at org.testng.Assert.assertEquals(Assert.java:116)
	at org.testng.Assert.assertEquals(Assert.java:190)
	at org.testng.Assert.assertEquals(Assert.java:200)
	at PageObjectModel.CheckSocialMediaLinks_PO.IsGoogleOpened(CheckSocialMediaLinks_PO.java:105)
	at SanityTest.CheckSocialMediaLinks.CheckGoogleLink(CheckSocialMediaLinks.java:60)
	at sun.reflect.NativeMethodAccessorImpl.invoke0(Native Method)
	at sun.reflect.NativeMethodAccessorImpl.invoke(Unknown Source)
	at sun.reflect.DelegatingMethodAccessorImpl.invoke(Unknown Source)
	at java.lang.reflect.Method.invoke(Unknown Source)
	at org.testng.internal.MethodInvocationHelper.invokeMethod(MethodInvocationHelper.java:86)
	at org.testng.internal.Invoker.invokeMethod(Invoker.java:645)
	at org.testng.internal.Invoker.retryFailed(Invoker.java:969)
	at org.testng.internal.Invoker.invokeTestMethods(Invoker.java:1148)
	at org.testng.internal.TestMethodWorker.invokeTestMethods(TestMethodWorker.java:129)
	at org.testng.internal.TestMethodWorker.run(TestMethodWorker.java:112)
	at org.testng.TestRunner.privateRun(TestRunner.java:782)
	at org.testng.TestRunner.run(TestRunner.java:632)
	at org.testng.SuiteRunner.runTest(SuiteRunner.java:366)
	at org.testng.SuiteRunner.runSequentially(SuiteRunner.java:361)
	at org.testng.SuiteRunner.privateRun(SuiteRunner.java:319)
	at org.testng.SuiteRunner.run(SuiteRunner.java:268)
	at org.testng.SuiteRunnerWorker.runSuite(SuiteRunnerWorker.java:52)
	at org.testng.SuiteRunnerWorker.run(SuiteRunnerWorker.java:86)
	at org.testng.TestNG.runSuitesSequentially(TestNG.java:1244)
	at org.testng.TestNG.runSuitesLocally(TestNG.java:1169)
	at org.testng.TestNG.run(TestNG.java:1064)
	at org.testng.remote.RemoteTestNG.run(RemoteTestNG.java:113)
	at org.testng.remote.RemoteTestNG.initAndRun(RemoteTestNG.java:206)
	at org.testng.remote.RemoteTestNG.main(RemoteTestNG.java:177)
]]>
            </full-stacktrace>
          </exception> <!-- java.lang.AssertionError -->
          <reporter-output>
          </reporter-output>
        </test-method> <!-- CheckGoogleLink -->
        <test-method status="PASS" signature="afterMethod()[pri:0, instance:SanityTest.CheckSocialMediaLinks@26f67b76]" name="afterMethod" is-config="true" duration-ms="758" started-at="2021-12-20T22:40:14Z" finished-at="2021-12-20T22:40:15Z">
          <reporter-output>
          </reporter-output>
        </test-method> <!-- afterMethod -->
      </class> <!-- SanityTest.CheckSocialMediaLinks -->
    </test> <!-- CheckSocialMediaLinks -->
    <test name="AllActions_AtProduct" duration-ms="49644" started-at="2021-12-20T20:40:15Z" finished-at="2021-12-20T20:41:05Z">
      <class name="SanityTest.AllActions_AtProduct">
        <test-method status="PASS" signature="beforeTest(java.lang.String)[pri:0, instance:SanityTest.AllActions_AtProduct@7946e1f4]" name="beforeTest" is-config="true" duration-ms="7546" started-at="2021-12-20T22:40:15Z" finished-at="2021-12-20T22:40:22Z">
          <params>
            <param index="0">
              <value>
                <![CDATA[chrome]]>
              </value>
            </param>
          </params>
          <reporter-output>
          </reporter-output>
        </test-method> <!-- beforeTest -->
        <test-method status="PASS" signature="beforeMethod()[pri:0, instance:SanityTest.AllActions_AtProduct@7946e1f4]" name="beforeMethod" is-config="true" duration-ms="8" started-at="2021-12-20T22:40:22Z" finished-at="2021-12-20T22:40:22Z">
          <reporter-output>
          </reporter-output>
        </test-method> <!-- beforeMethod -->
        <test-method status="PASS" signature="getDriver(java.lang.String)[pri:0, instance:SanityTest.AllActions_AtProduct@7946e1f4]" name="getDriver" duration-ms="9057" started-at="2021-12-20T22:40:22Z" finished-at="2021-12-20T22:40:32Z">
          <params>
            <param index="0">
              <value>
                <![CDATA[chrome]]>
              </value>
            </param>
          </params>
          <reporter-output>
          </reporter-output>
        </test-method> <!-- getDriver -->
        <test-method status="PASS" signature="beforeMethod()[pri:0, instance:SanityTest.AllActions_AtProduct@7946e1f4]" name="beforeMethod" is-config="true" duration-ms="1" started-at="2021-12-20T22:40:32Z" finished-at="2021-12-20T22:40:32Z">
          <reporter-output>
          </reporter-output>
        </test-method> <!-- beforeMethod -->
        <test-method status="PASS" signature="Login()[pri:1, instance:SanityTest.AllActions_AtProduct@7946e1f4]" name="Login" duration-ms="9946" started-at="2021-12-20T22:40:32Z" finished-at="2021-12-20T22:40:41Z">
          <reporter-output>
          </reporter-output>
        </test-method> <!-- Login -->
        <test-method status="PASS" signature="beforeMethod()[pri:0, instance:SanityTest.AllActions_AtProduct@7946e1f4]" name="beforeMethod" is-config="true" duration-ms="1" started-at="2021-12-20T22:40:41Z" finished-at="2021-12-20T22:40:41Z">
          <reporter-output>
          </reporter-output>
        </test-method> <!-- beforeMethod -->
        <test-method status="PASS" signature="SearchForProduct()[pri:2, instance:SanityTest.AllActions_AtProduct@7946e1f4]" name="SearchForProduct" duration-ms="6547" started-at="2021-12-20T22:40:41Z" depends-on-methods="SanityTest.AllActions_AtProduct.Login" finished-at="2021-12-20T22:40:48Z">
          <reporter-output>
          </reporter-output>
        </test-method> <!-- SearchForProduct -->
        <test-method status="PASS" signature="beforeMethod()[pri:0, instance:SanityTest.AllActions_AtProduct@7946e1f4]" name="beforeMethod" is-config="true" duration-ms="0" started-at="2021-12-20T22:40:48Z" finished-at="2021-12-20T22:40:48Z">
          <reporter-output>
          </reporter-output>
        </test-method> <!-- beforeMethod -->
        <test-method status="PASS" signature="WriteReviewOnProduct()[pri:3, instance:SanityTest.AllActions_AtProduct@7946e1f4]" name="WriteReviewOnProduct" duration-ms="7753" started-at="2021-12-20T22:40:48Z" depends-on-methods="SanityTest.AllActions_AtProduct.Login" finished-at="2021-12-20T22:40:56Z">
          <reporter-output>
          </reporter-output>
        </test-method> <!-- WriteReviewOnProduct -->
        <test-method status="PASS" signature="beforeMethod()[pri:0, instance:SanityTest.AllActions_AtProduct@7946e1f4]" name="beforeMethod" is-config="true" duration-ms="1" started-at="2021-12-20T22:40:56Z" finished-at="2021-12-20T22:40:56Z">
          <reporter-output>
          </reporter-output>
        </test-method> <!-- beforeMethod -->
        <test-method status="PASS" signature="SendProductToFriend()[pri:4, instance:SanityTest.AllActions_AtProduct@7946e1f4]" name="SendProductToFriend" duration-ms="1330" started-at="2021-12-20T22:40:56Z" depends-on-methods="SanityTest.AllActions_AtProduct.Login" finished-at="2021-12-20T22:40:57Z">
          <reporter-output>
          </reporter-output>
        </test-method> <!-- SendProductToFriend -->
        <test-method status="PASS" signature="beforeMethod()[pri:0, instance:SanityTest.AllActions_AtProduct@7946e1f4]" name="beforeMethod" is-config="true" duration-ms="1" started-at="2021-12-20T22:40:57Z" finished-at="2021-12-20T22:40:57Z">
          <reporter-output>
          </reporter-output>
        </test-method> <!-- beforeMethod -->
        <test-method status="PASS" signature="AddProductToWishlist()[pri:5, instance:SanityTest.AllActions_AtProduct@7946e1f4]" name="AddProductToWishlist" duration-ms="1752" started-at="2021-12-20T22:40:57Z" depends-on-methods="SanityTest.AllActions_AtProduct.Login" finished-at="2021-12-20T22:40:59Z">
          <reporter-output>
          </reporter-output>
        </test-method> <!-- AddProductToWishlist -->
        <test-method status="PASS" signature="beforeMethod()[pri:0, instance:SanityTest.AllActions_AtProduct@7946e1f4]" name="beforeMethod" is-config="true" duration-ms="1" started-at="2021-12-20T22:40:59Z" finished-at="2021-12-20T22:40:59Z">
          <reporter-output>
          </reporter-output>
        </test-method> <!-- beforeMethod -->
        <test-method status="PASS" signature="AddProductToCart()[pri:6, instance:SanityTest.AllActions_AtProduct@7946e1f4]" name="AddProductToCart" duration-ms="4274" started-at="2021-12-20T22:40:59Z" depends-on-methods="SanityTest.AllActions_AtProduct.Login" finished-at="2021-12-20T22:41:03Z">
          <reporter-output>
          </reporter-output>
        </test-method> <!-- AddProductToCart -->
        <test-method status="PASS" signature="afterTest()[pri:0, instance:SanityTest.AllActions_AtProduct@7946e1f4]" name="afterTest" is-config="true" duration-ms="1408" started-at="2021-12-20T22:41:03Z" finished-at="2021-12-20T22:41:05Z">
          <reporter-output>
          </reporter-output>
        </test-method> <!-- afterTest -->
      </class> <!-- SanityTest.AllActions_AtProduct -->
    </test> <!-- AllActions_AtProduct -->
    <test name="Buy_Product" duration-ms="304095" started-at="2021-12-20T20:41:05Z" finished-at="2021-12-20T20:46:09Z">
      <class name="SanityTest.Buy_Product">
        <test-method status="PASS" signature="beforeTest(java.lang.String)[pri:0, instance:SanityTest.Buy_Product@2344fc66]" name="beforeTest" is-config="true" duration-ms="8393" started-at="2021-12-20T22:41:05Z" finished-at="2021-12-20T22:41:13Z">
          <params>
            <param index="0">
              <value>
                <![CDATA[chrome]]>
              </value>
            </param>
          </params>
          <reporter-output>
          </reporter-output>
        </test-method> <!-- beforeTest -->
        <test-method status="PASS" signature="beforeMethod()[pri:0, instance:SanityTest.Buy_Product@2344fc66]" name="beforeMethod" is-config="true" duration-ms="17" started-at="2021-12-20T22:41:13Z" finished-at="2021-12-20T22:41:13Z">
          <reporter-output>
          </reporter-output>
        </test-method> <!-- beforeMethod -->
        <test-method status="PASS" signature="getDriver(java.lang.String)[pri:0, instance:SanityTest.Buy_Product@2344fc66]" name="getDriver" duration-ms="10248" started-at="2021-12-20T22:41:13Z" finished-at="2021-12-20T22:41:23Z">
          <params>
            <param index="0">
              <value>
                <![CDATA[chrome]]>
              </value>
            </param>
          </params>
          <reporter-output>
          </reporter-output>
        </test-method> <!-- getDriver -->
        <test-method status="PASS" signature="beforeMethod()[pri:0, instance:SanityTest.Buy_Product@2344fc66]" name="beforeMethod" is-config="true" duration-ms="1" started-at="2021-12-20T22:41:23Z" finished-at="2021-12-20T22:41:23Z">
          <reporter-output>
          </reporter-output>
        </test-method> <!-- beforeMethod -->
        <test-method status="PASS" signature="ChooseProduct()[pri:1, instance:SanityTest.Buy_Product@2344fc66]" name="ChooseProduct" duration-ms="15293" started-at="2021-12-20T22:41:23Z" finished-at="2021-12-20T22:41:39Z">
          <reporter-output>
          </reporter-output>
        </test-method> <!-- ChooseProduct -->
        <test-method status="PASS" signature="beforeMethod()[pri:0, instance:SanityTest.Buy_Product@2344fc66]" name="beforeMethod" is-config="true" duration-ms="2" started-at="2021-12-20T22:41:39Z" finished-at="2021-12-20T22:41:39Z">
          <reporter-output>
          </reporter-output>
        </test-method> <!-- beforeMethod -->
        <test-method status="PASS" signature="Summary()[pri:2, instance:SanityTest.Buy_Product@2344fc66]" name="Summary" duration-ms="8607" started-at="2021-12-20T22:41:39Z" depends-on-methods="SanityTest.Buy_Product.ChooseProduct" finished-at="2021-12-20T22:41:47Z">
          <reporter-output>
          </reporter-output>
        </test-method> <!-- Summary -->
        <test-method status="SKIP" signature="Signin()[pri:3, instance:SanityTest.Buy_Product@2344fc66]" name="Signin" duration-ms="64314" started-at="2021-12-20T22:41:47Z" depends-on-methods="SanityTest.Buy_Product.Summary" finished-at="2021-12-20T22:42:52Z">
          <exception class="org.openqa.selenium.NoSuchElementException">
            <message>
              <![CDATA[no such element: Unable to locate element: {"method":"css selector","selector":"#id_gender1"}
  (Session info: chrome=96.0.4664.110)
For documentation on this error, please visit: https://selenium.dev/exceptions/#no_such_element
Build info: version: '4.0.0', revision: '3a21814679'
System info: host: 'AHMADMALLOH', ip: '10.8.0.3', os.name: 'Windows 10', os.arch: 'amd64', os.version: '10.0', java.version: '1.8.0_301'
Driver info: org.openqa.selenium.chrome.ChromeDriver
Command: [5abaa3b337f529ff175b2074eb6e92d6, findElement {using=id, value=id_gender1}]
Capabilities {acceptInsecureCerts: false, browserName: chrome, browserVersion: 96.0.4664.110, chrome: {chromedriverVersion: 96.0.4664.45 (76e4c1bb2ab46..., userDataDir: C:\Users\User\AppData\Local...}, goog:chromeOptions: {debuggerAddress: localhost:57506}, javascriptEnabled: true, networkConnectionEnabled: false, pageLoadStrategy: normal, platform: WINDOWS, platformName: WINDOWS, proxy: Proxy(), se:cdp: ws://localhost:57506/devtoo..., se:cdpVersion: 96.0.4664.110, setWindowRect: true, strictFileInteractability: false, timeouts: {implicit: 0, pageLoad: 300000, script: 30000}, unhandledPromptBehavior: dismiss and notify, webauthn:extension:credBlob: true, webauthn:extension:largeBlob: true, webauthn:virtualAuthenticators: true}
Session ID: 5abaa3b337f529ff175b2074eb6e92d6]]>
            </message>
            <full-stacktrace>
              <![CDATA[org.openqa.selenium.NoSuchElementException: no such element: Unable to locate element: {"method":"css selector","selector":"#id_gender1"}
  (Session info: chrome=96.0.4664.110)
For documentation on this error, please visit: https://selenium.dev/exceptions/#no_such_element
Build info: version: '4.0.0', revision: '3a21814679'
System info: host: 'AHMADMALLOH', ip: '10.8.0.3', os.name: 'Windows 10', os.arch: 'amd64', os.version: '10.0', java.version: '1.8.0_301'
Driver info: org.openqa.selenium.chrome.ChromeDriver
Command: [5abaa3b337f529ff175b2074eb6e92d6, findElement {using=id, value=id_gender1}]
Capabilities {acceptInsecureCerts: false, browserName: chrome, browserVersion: 96.0.4664.110, chrome: {chromedriverVersion: 96.0.4664.45 (76e4c1bb2ab46..., userDataDir: C:\Users\User\AppData\Local...}, goog:chromeOptions: {debuggerAddress: localhost:57506}, javascriptEnabled: true, networkConnectionEnabled: false, pageLoadStrategy: normal, platform: WINDOWS, platformName: WINDOWS, proxy: Proxy(), se:cdp: ws://localhost:57506/devtoo..., se:cdpVersion: 96.0.4664.110, setWindowRect: true, strictFileInteractability: false, timeouts: {implicit: 0, pageLoad: 300000, script: 30000}, unhandledPromptBehavior: dismiss and notify, webauthn:extension:credBlob: true, webauthn:extension:largeBlob: true, webauthn:virtualAuthenticators: true}
Session ID: 5abaa3b337f529ff175b2074eb6e92d6
	at sun.reflect.NativeConstructorAccessorImpl.newInstance0(Native Method)
	at sun.reflect.NativeConstructorAccessorImpl.newInstance(Unknown Source)
	at sun.reflect.DelegatingConstructorAccessorImpl.newInstance(Unknown Source)
	at java.lang.reflect.Constructor.newInstance(Unknown Source)
	at org.openqa.selenium.remote.codec.w3c.W3CHttpResponseCodec.createException(W3CHttpResponseCodec.java:200)
	at org.openqa.selenium.remote.codec.w3c.W3CHttpResponseCodec.decode(W3CHttpResponseCodec.java:133)
	at org.openqa.selenium.remote.codec.w3c.W3CHttpResponseCodec.decode(W3CHttpResponseCodec.java:53)
	at org.openqa.selenium.remote.HttpCommandExecutor.execute(HttpCommandExecutor.java:184)
	at org.openqa.selenium.remote.service.DriverCommandExecutor.invokeExecute(DriverCommandExecutor.java:164)
	at org.openqa.selenium.remote.service.DriverCommandExecutor.execute(DriverCommandExecutor.java:139)
	at org.openqa.selenium.remote.RemoteWebDriver.execute(RemoteWebDriver.java:559)
	at org.openqa.selenium.remote.ElementLocation$ElementFinder$2.findElement(ElementLocation.java:162)
	at org.openqa.selenium.remote.ElementLocation.findElement(ElementLocation.java:60)
	at org.openqa.selenium.remote.RemoteWebDriver.findElement(RemoteWebDriver.java:383)
	at org.openqa.selenium.remote.RemoteWebDriver.findElement(RemoteWebDriver.java:375)
	at Configration.ConfigData.ClickOnBy_Id(ConfigData.java:71)
	at PageObjectModel.Signin_PO.Fill_Title(Signin_PO.java:36)
	at SanityTest.Buy_Product.Signin(Buy_Product.java:68)
	at sun.reflect.NativeMethodAccessorImpl.invoke0(Native Method)
	at sun.reflect.NativeMethodAccessorImpl.invoke(Unknown Source)
	at sun.reflect.DelegatingMethodAccessorImpl.invoke(Unknown Source)
	at java.lang.reflect.Method.invoke(Unknown Source)
	at org.testng.internal.MethodInvocationHelper.invokeMethod(MethodInvocationHelper.java:86)
	at org.testng.internal.Invoker.invokeMethod(Invoker.java:645)
	at org.testng.internal.Invoker.invokeTestMethod(Invoker.java:822)
	at org.testng.internal.Invoker.invokeTestMethods(Invoker.java:1130)
	at org.testng.internal.TestMethodWorker.invokeTestMethods(TestMethodWorker.java:129)
	at org.testng.internal.TestMethodWorker.run(TestMethodWorker.java:112)
	at org.testng.TestRunner.privateRun(TestRunner.java:782)
	at org.testng.TestRunner.run(TestRunner.java:632)
	at org.testng.SuiteRunner.runTest(SuiteRunner.java:366)
	at org.testng.SuiteRunner.runSequentially(SuiteRunner.java:361)
	at org.testng.SuiteRunner.privateRun(SuiteRunner.java:319)
	at org.testng.SuiteRunner.run(SuiteRunner.java:268)
	at org.testng.SuiteRunnerWorker.runSuite(SuiteRunnerWorker.java:52)
	at org.testng.SuiteRunnerWorker.run(SuiteRunnerWorker.java:86)
	at org.testng.TestNG.runSuitesSequentially(TestNG.java:1244)
	at org.testng.TestNG.runSuitesLocally(TestNG.java:1169)
	at org.testng.TestNG.run(TestNG.java:1064)
	at org.testng.remote.RemoteTestNG.run(RemoteTestNG.java:113)
	at org.testng.remote.RemoteTestNG.initAndRun(RemoteTestNG.java:206)
	at org.testng.remote.RemoteTestNG.main(RemoteTestNG.java:177)
]]>
            </full-stacktrace>
          </exception> <!-- org.openqa.selenium.NoSuchElementException -->
          <reporter-output>
          </reporter-output>
        </test-method> <!-- Signin -->
        <test-method status="PASS" signature="beforeMethod()[pri:0, instance:SanityTest.Buy_Product@2344fc66]" name="beforeMethod" is-config="true" duration-ms="0" started-at="2021-12-20T22:41:47Z" finished-at="2021-12-20T22:41:47Z">
          <reporter-output>
          </reporter-output>
        </test-method> <!-- beforeMethod -->
        <test-method status="PASS" signature="beforeMethod()[pri:0, instance:SanityTest.Buy_Product@2344fc66]" name="beforeMethod" is-config="true" duration-ms="1" started-at="2021-12-20T22:42:52Z" finished-at="2021-12-20T22:42:52Z">
          <reporter-output>
          </reporter-output>
        </test-method> <!-- beforeMethod -->
        <test-method status="SKIP" signature="Signin()[pri:3, instance:SanityTest.Buy_Product@2344fc66]" name="Signin" duration-ms="64735" started-at="2021-12-20T22:42:52Z" depends-on-methods="SanityTest.Buy_Product.Summary" finished-at="2021-12-20T22:43:56Z">
          <exception class="org.openqa.selenium.NoSuchElementException">
            <message>
              <![CDATA[no such element: Unable to locate element: {"method":"css selector","selector":"#id_gender1"}
  (Session info: chrome=96.0.4664.110)
For documentation on this error, please visit: https://selenium.dev/exceptions/#no_such_element
Build info: version: '4.0.0', revision: '3a21814679'
System info: host: 'AHMADMALLOH', ip: '10.8.0.3', os.name: 'Windows 10', os.arch: 'amd64', os.version: '10.0', java.version: '1.8.0_301'
Driver info: org.openqa.selenium.chrome.ChromeDriver
Command: [5abaa3b337f529ff175b2074eb6e92d6, findElement {using=id, value=id_gender1}]
Capabilities {acceptInsecureCerts: false, browserName: chrome, browserVersion: 96.0.4664.110, chrome: {chromedriverVersion: 96.0.4664.45 (76e4c1bb2ab46..., userDataDir: C:\Users\User\AppData\Local...}, goog:chromeOptions: {debuggerAddress: localhost:57506}, javascriptEnabled: true, networkConnectionEnabled: false, pageLoadStrategy: normal, platform: WINDOWS, platformName: WINDOWS, proxy: Proxy(), se:cdp: ws://localhost:57506/devtoo..., se:cdpVersion: 96.0.4664.110, setWindowRect: true, strictFileInteractability: false, timeouts: {implicit: 0, pageLoad: 300000, script: 30000}, unhandledPromptBehavior: dismiss and notify, webauthn:extension:credBlob: true, webauthn:extension:largeBlob: true, webauthn:virtualAuthenticators: true}
Session ID: 5abaa3b337f529ff175b2074eb6e92d6]]>
            </message>
            <full-stacktrace>
              <![CDATA[org.openqa.selenium.NoSuchElementException: no such element: Unable to locate element: {"method":"css selector","selector":"#id_gender1"}
  (Session info: chrome=96.0.4664.110)
For documentation on this error, please visit: https://selenium.dev/exceptions/#no_such_element
Build info: version: '4.0.0', revision: '3a21814679'
System info: host: 'AHMADMALLOH', ip: '10.8.0.3', os.name: 'Windows 10', os.arch: 'amd64', os.version: '10.0', java.version: '1.8.0_301'
Driver info: org.openqa.selenium.chrome.ChromeDriver
Command: [5abaa3b337f529ff175b2074eb6e92d6, findElement {using=id, value=id_gender1}]
Capabilities {acceptInsecureCerts: false, browserName: chrome, browserVersion: 96.0.4664.110, chrome: {chromedriverVersion: 96.0.4664.45 (76e4c1bb2ab46..., userDataDir: C:\Users\User\AppData\Local...}, goog:chromeOptions: {debuggerAddress: localhost:57506}, javascriptEnabled: true, networkConnectionEnabled: false, pageLoadStrategy: normal, platform: WINDOWS, platformName: WINDOWS, proxy: Proxy(), se:cdp: ws://localhost:57506/devtoo..., se:cdpVersion: 96.0.4664.110, setWindowRect: true, strictFileInteractability: false, timeouts: {implicit: 0, pageLoad: 300000, script: 30000}, unhandledPromptBehavior: dismiss and notify, webauthn:extension:credBlob: true, webauthn:extension:largeBlob: true, webauthn:virtualAuthenticators: true}
Session ID: 5abaa3b337f529ff175b2074eb6e92d6
	at sun.reflect.NativeConstructorAccessorImpl.newInstance0(Native Method)
	at sun.reflect.NativeConstructorAccessorImpl.newInstance(Unknown Source)
	at sun.reflect.DelegatingConstructorAccessorImpl.newInstance(Unknown Source)
	at java.lang.reflect.Constructor.newInstance(Unknown Source)
	at org.openqa.selenium.remote.codec.w3c.W3CHttpResponseCodec.createException(W3CHttpResponseCodec.java:200)
	at org.openqa.selenium.remote.codec.w3c.W3CHttpResponseCodec.decode(W3CHttpResponseCodec.java:133)
	at org.openqa.selenium.remote.codec.w3c.W3CHttpResponseCodec.decode(W3CHttpResponseCodec.java:53)
	at org.openqa.selenium.remote.HttpCommandExecutor.execute(HttpCommandExecutor.java:184)
	at org.openqa.selenium.remote.service.DriverCommandExecutor.invokeExecute(DriverCommandExecutor.java:164)
	at org.openqa.selenium.remote.service.DriverCommandExecutor.execute(DriverCommandExecutor.java:139)
	at org.openqa.selenium.remote.RemoteWebDriver.execute(RemoteWebDriver.java:559)
	at org.openqa.selenium.remote.ElementLocation$ElementFinder$2.findElement(ElementLocation.java:162)
	at org.openqa.selenium.remote.ElementLocation.findElement(ElementLocation.java:60)
	at org.openqa.selenium.remote.RemoteWebDriver.findElement(RemoteWebDriver.java:383)
	at org.openqa.selenium.remote.RemoteWebDriver.findElement(RemoteWebDriver.java:375)
	at Configration.ConfigData.ClickOnBy_Id(ConfigData.java:71)
	at PageObjectModel.Signin_PO.Fill_Title(Signin_PO.java:36)
	at SanityTest.Buy_Product.Signin(Buy_Product.java:68)
	at sun.reflect.NativeMethodAccessorImpl.invoke0(Native Method)
	at sun.reflect.NativeMethodAccessorImpl.invoke(Unknown Source)
	at sun.reflect.DelegatingMethodAccessorImpl.invoke(Unknown Source)
	at java.lang.reflect.Method.invoke(Unknown Source)
	at org.testng.internal.MethodInvocationHelper.invokeMethod(MethodInvocationHelper.java:86)
	at org.testng.internal.Invoker.invokeMethod(Invoker.java:645)
	at org.testng.internal.Invoker.retryFailed(Invoker.java:969)
	at org.testng.internal.Invoker.invokeTestMethods(Invoker.java:1148)
	at org.testng.internal.TestMethodWorker.invokeTestMethods(TestMethodWorker.java:129)
	at org.testng.internal.TestMethodWorker.run(TestMethodWorker.java:112)
	at org.testng.TestRunner.privateRun(TestRunner.java:782)
	at org.testng.TestRunner.run(TestRunner.java:632)
	at org.testng.SuiteRunner.runTest(SuiteRunner.java:366)
	at org.testng.SuiteRunner.runSequentially(SuiteRunner.java:361)
	at org.testng.SuiteRunner.privateRun(SuiteRunner.java:319)
	at org.testng.SuiteRunner.run(SuiteRunner.java:268)
	at org.testng.SuiteRunnerWorker.runSuite(SuiteRunnerWorker.java:52)
	at org.testng.SuiteRunnerWorker.run(SuiteRunnerWorker.java:86)
	at org.testng.TestNG.runSuitesSequentially(TestNG.java:1244)
	at org.testng.TestNG.runSuitesLocally(TestNG.java:1169)
	at org.testng.TestNG.run(TestNG.java:1064)
	at org.testng.remote.RemoteTestNG.run(RemoteTestNG.java:113)
	at org.testng.remote.RemoteTestNG.initAndRun(RemoteTestNG.java:206)
	at org.testng.remote.RemoteTestNG.main(RemoteTestNG.java:177)
]]>
            </full-stacktrace>
          </exception> <!-- org.openqa.selenium.NoSuchElementException -->
          <reporter-output>
[...]
	at org.openqa.selenium.remote.RemoteWebDriver.findElement(RemoteWebDriver.java:383)
	at org.openqa.selenium.remote.RemoteWebDriver.findElement(RemoteWebDriver.java:375)
	at PageObjectModel.MyAccount.My_Wishlists_PO.IsWishlistDeleted(My_Wishlists_PO.java:157)
	at SanityTest.MyAccount.My_Wishlists.Delete_Wishlist(My_Wishlists.java:99)
	at sun.reflect.NativeMethodAccessorImpl.invoke0(Native Method)
	at sun.reflect.NativeMethodAccessorImpl.invoke(Unknown Source)
	at sun.reflect.DelegatingMethodAccessorImpl.invoke(Unknown Source)
	at java.lang.reflect.Method.invoke(Unknown Source)
	at org.testng.internal.MethodInvocationHelper.invokeMethod(MethodInvocationHelper.java:86)
	at org.testng.internal.Invoker.invokeMethod(Invoker.java:645)
	at org.testng.internal.Invoker.retryFailed(Invoker.java:969)
	at org.testng.internal.Invoker.invokeTestMethods(Invoker.java:1148)
	at org.testng.internal.TestMethodWorker.invokeTestMethods(TestMethodWorker.java:129)
	at org.testng.internal.TestMethodWorker.run(TestMethodWorker.java:112)
	at org.testng.TestRunner.privateRun(TestRunner.java:782)
	at org.testng.TestRunner.run(TestRunner.java:632)
	at org.testng.SuiteRunner.runTest(SuiteRunner.java:366)
	at org.testng.SuiteRunner.runSequentially(SuiteRunner.java:361)
	at org.testng.SuiteRunner.privateRun(SuiteRunner.java:319)
	at org.testng.SuiteRunner.run(SuiteRunner.java:268)
	at org.testng.SuiteRunnerWorker.runSuite(SuiteRunnerWorker.java:52)
	at org.testng.SuiteRunnerWorker.run(SuiteRunnerWorker.java:86)
	at org.testng.TestNG.runSuitesSequentially(TestNG.java:1244)
	at org.testng.TestNG.runSuitesLocally(TestNG.java:1169)
	at org.testng.TestNG.run(TestNG.java:1064)
	at org.testng.remote.RemoteTestNG.run(RemoteTestNG.java:113)
	at org.testng.remote.RemoteTestNG.initAndRun(RemoteTestNG.java:206)
	at org.testng.remote.RemoteTestNG.main(RemoteTestNG.java:177)
]]>
            </full-stacktrace>
          </exception> <!-- org.openqa.selenium.NoSuchElementException -->
          <reporter-output>
          </reporter-output>
        </test-method> <!-- Delete_Wishlist -->
        <test-method status="PASS" signature="beforeMethod()[pri:0, instance:SanityTest.MyAccount.My_Wishlists@56f4468b]" name="beforeMethod" is-config="true" duration-ms="1" started-at="2021-12-20T23:02:43Z" finished-at="2021-12-20T23:02:43Z">
          <reporter-output>
          </reporter-output>
        </test-method> <!-- beforeMethod -->
        <test-method status="SKIP" signature="Delete_Wishlist()[pri:6, instance:SanityTest.MyAccount.My_Wishlists@56f4468b]" name="Delete_Wishlist" duration-ms="60053" started-at="2021-12-20T23:02:43Z" depends-on-methods="SanityTest.MyAccount.My_Wishlists.Create_Wishlist" finished-at="2021-12-20T23:03:43Z">
          <exception class="org.openqa.selenium.NoSuchElementException">
            <message>
              <![CDATA[no such element: Unable to locate element: {"method":"xpath","selector":"//i[contains(@class,'icon-remove')]"}
  (Session info: chrome=96.0.4664.110)
For documentation on this error, please visit: https://selenium.dev/exceptions/#no_such_element
Build info: version: '4.0.0', revision: '3a21814679'
System info: host: 'AHMADMALLOH', ip: '10.8.0.3', os.name: 'Windows 10', os.arch: 'amd64', os.version: '10.0', java.version: '1.8.0_301'
Driver info: org.openqa.selenium.chrome.ChromeDriver
Command: [11b87b4d1c0d1e7b677ad66f0dd6aa56, findElement {using=xpath, value=//i[contains(@class,'icon-remove')]}]
Capabilities {acceptInsecureCerts: false, browserName: chrome, browserVersion: 96.0.4664.110, chrome: {chromedriverVersion: 96.0.4664.45 (76e4c1bb2ab46..., userDataDir: C:\Users\User\AppData\Local...}, goog:chromeOptions: {debuggerAddress: localhost:58094}, javascriptEnabled: true, networkConnectionEnabled: false, pageLoadStrategy: normal, platform: WINDOWS, platformName: WINDOWS, proxy: Proxy(), se:cdp: ws://localhost:58094/devtoo..., se:cdpVersion: 96.0.4664.110, setWindowRect: true, strictFileInteractability: false, timeouts: {implicit: 0, pageLoad: 300000, script: 30000}, unhandledPromptBehavior: dismiss and notify, webauthn:extension:credBlob: true, webauthn:extension:largeBlob: true, webauthn:virtualAuthenticators: true}
Session ID: 11b87b4d1c0d1e7b677ad66f0dd6aa56]]>
            </message>
            <full-stacktrace>
              <![CDATA[org.openqa.selenium.NoSuchElementException: no such element: Unable to locate element: {"method":"xpath","selector":"//i[contains(@class,'icon-remove')]"}
  (Session info: chrome=96.0.4664.110)
For documentation on this error, please visit: https://selenium.dev/exceptions/#no_such_element
Build info: version: '4.0.0', revision: '3a21814679'
System info: host: 'AHMADMALLOH', ip: '10.8.0.3', os.name: 'Windows 10', os.arch: 'amd64', os.version: '10.0', java.version: '1.8.0_301'
Driver info: org.openqa.selenium.chrome.ChromeDriver
Command: [11b87b4d1c0d1e7b677ad66f0dd6aa56, findElement {using=xpath, value=//i[contains(@class,'icon-remove')]}]
Capabilities {acceptInsecureCerts: false, browserName: chrome, browserVersion: 96.0.4664.110, chrome: {chromedriverVersion: 96.0.4664.45 (76e4c1bb2ab46..., userDataDir: C:\Users\User\AppData\Local...}, goog:chromeOptions: {debuggerAddress: localhost:58094}, javascriptEnabled: true, networkConnectionEnabled: false, pageLoadStrategy: normal, platform: WINDOWS, platformName: WINDOWS, proxy: Proxy(), se:cdp: ws://localhost:58094/devtoo..., se:cdpVersion: 96.0.4664.110, setWindowRect: true, strictFileInteractability: false, timeouts: {implicit: 0, pageLoad: 300000, script: 30000}, unhandledPromptBehavior: dismiss and notify, webauthn:extension:credBlob: true, webauthn:extension:largeBlob: true, webauthn:virtualAuthenticators: true}
Session ID: 11b87b4d1c0d1e7b677ad66f0dd6aa56
	at sun.reflect.GeneratedConstructorAccessor38.newInstance(Unknown Source)
	at sun.reflect.DelegatingConstructorAccessorImpl.newInstance(Unknown Source)
	at java.lang.reflect.Constructor.newInstance(Unknown Source)
	at org.openqa.selenium.remote.codec.w3c.W3CHttpResponseCodec.createException(W3CHttpResponseCodec.java:200)
	at org.openqa.selenium.remote.codec.w3c.W3CHttpResponseCodec.decode(W3CHttpResponseCodec.java:133)
	at org.openqa.selenium.remote.codec.w3c.W3CHttpResponseCodec.decode(W3CHttpResponseCodec.java:53)
	at org.openqa.selenium.remote.HttpCommandExecutor.execute(HttpCommandExecutor.java:184)
	at org.openqa.selenium.remote.service.DriverCommandExecutor.invokeExecute(DriverCommandExecutor.java:164)
	at org.openqa.selenium.remote.service.DriverCommandExecutor.execute(DriverCommandExecutor.java:139)
	at org.openqa.selenium.remote.RemoteWebDriver.execute(RemoteWebDriver.java:559)
	at org.openqa.selenium.remote.ElementLocation$ElementFinder$2.findElement(ElementLocation.java:162)
	at org.openqa.selenium.remote.ElementLocation.findElement(ElementLocation.java:60)
	at org.openqa.selenium.remote.RemoteWebDriver.findElement(RemoteWebDriver.java:383)
	at org.openqa.selenium.remote.RemoteWebDriver.findElement(RemoteWebDriver.java:375)
	at Configration.ConfigData.ClickOnBy_Xpath(ConfigData.java:107)
	at PageObjectModel.MyAccount.My_Wishlists_PO.ClickOnDeleteArrow(My_Wishlists_PO.java:150)
	at SanityTest.MyAccount.My_Wishlists.Delete_Wishlist(My_Wishlists.java:98)
	at sun.reflect.NativeMethodAccessorImpl.invoke0(Native Method)
	at sun.reflect.NativeMethodAccessorImpl.invoke(Unknown Source)
	at sun.reflect.DelegatingMethodAccessorImpl.invoke(Unknown Source)
	at java.lang.reflect.Method.invoke(Unknown Source)
	at org.testng.internal.MethodInvocationHelper.invokeMethod(MethodInvocationHelper.java:86)
	at org.testng.internal.Invoker.invokeMethod(Invoker.java:645)
	at org.testng.internal.Invoker.retryFailed(Invoker.java:969)
	at org.testng.internal.Invoker.invokeTestMethods(Invoker.java:1148)
	at org.testng.internal.TestMethodWorker.invokeTestMethods(TestMethodWorker.java:129)
	at org.testng.internal.TestMethodWorker.run(TestMethodWorker.java:112)
	at org.testng.TestRunner.privateRun(TestRunner.java:782)
	at org.testng.TestRunner.run(TestRunner.java:632)
	at org.testng.SuiteRunner.runTest(SuiteRunner.java:366)
	at org.testng.SuiteRunner.runSequentially(SuiteRunner.java:361)
	at org.testng.SuiteRunner.privateRun(SuiteRunner.java:319)
	at org.testng.SuiteRunner.run(SuiteRunner.java:268)
	at org.testng.SuiteRunnerWorker.runSuite(SuiteRunnerWorker.java:52)
	at org.testng.SuiteRunnerWorker.run(SuiteRunnerWorker.java:86)
	at org.testng.TestNG.runSuitesSequentially(TestNG.java:1244)
	at org.testng.TestNG.runSuitesLocally(TestNG.java:1169)
	at org.testng.TestNG.run(TestNG.java:1064)
	at org.testng.remote.RemoteTestNG.run(RemoteTestNG.java:113)
	at org.testng.remote.RemoteTestNG.initAndRun(RemoteTestNG.java:206)
	at org.testng.remote.RemoteTestNG.main(RemoteTestNG.java:177)
]]>
            </full-stacktrace>
          </exception> <!-- org.openqa.selenium.NoSuchElementException -->
          <reporter-output>
          </reporter-output>
        </test-method> <!-- Delete_Wishlist -->
        <test-method status="PASS" signature="beforeMethod()[pri:0, instance:SanityTest.MyAccount.My_Wishlists@56f4468b]" name="beforeMethod" is-config="true" duration-ms="1" started-at="2021-12-20T23:03:43Z" finished-at="2021-12-20T23:03:43Z">
          <reporter-output>
          </reporter-output>
        </test-method> <!-- beforeMethod -->
        <test-method status="FAIL" signature="Delete_Wishlist()[pri:6, instance:SanityTest.MyAccount.My_Wishlists@56f4468b]" name="Delete_Wishlist" duration-ms="60069" started-at="2021-12-20T23:03:43Z" depends-on-methods="SanityTest.MyAccount.My_Wishlists.Create_Wishlist" finished-at="2021-12-20T23:04:43Z">
          <exception class="org.openqa.selenium.NoSuchElementException">
            <message>
              <![CDATA[no such element: Unable to locate element: {"method":"xpath","selector":"//i[contains(@class,'icon-remove')]"}
  (Session info: chrome=96.0.4664.110)
For documentation on this error, please visit: https://selenium.dev/exceptions/#no_such_element
Build info: version: '4.0.0', revision: '3a21814679'
System info: host: 'AHMADMALLOH', ip: '10.8.0.3', os.name: 'Windows 10', os.arch: 'amd64', os.version: '10.0', java.version: '1.8.0_301'
Driver info: org.openqa.selenium.chrome.ChromeDriver
Command: [11b87b4d1c0d1e7b677ad66f0dd6aa56, findElement {using=xpath, value=//i[contains(@class,'icon-remove')]}]
Capabilities {acceptInsecureCerts: false, browserName: chrome, browserVersion: 96.0.4664.110, chrome: {chromedriverVersion: 96.0.4664.45 (76e4c1bb2ab46..., userDataDir: C:\Users\User\AppData\Local...}, goog:chromeOptions: {debuggerAddress: localhost:58094}, javascriptEnabled: true, networkConnectionEnabled: false, pageLoadStrategy: normal, platform: WINDOWS, platformName: WINDOWS, proxy: Proxy(), se:cdp: ws://localhost:58094/devtoo..., se:cdpVersion: 96.0.4664.110, setWindowRect: true, strictFileInteractability: false, timeouts: {implicit: 0, pageLoad: 300000, script: 30000}, unhandledPromptBehavior: dismiss and notify, webauthn:extension:credBlob: true, webauthn:extension:largeBlob: true, webauthn:virtualAuthenticators: true}
Session ID: 11b87b4d1c0d1e7b677ad66f0dd6aa56]]>
            </message>
            <full-stacktrace>
              <![CDATA[org.openqa.selenium.NoSuchElementException: no such element: Unable to locate element: {"method":"xpath","selector":"//i[contains(@class,'icon-remove')]"}
  (Session info: chrome=96.0.4664.110)
For documentation on this error, please visit: https://selenium.dev/exceptions/#no_such_element
Build info: version: '4.0.0', revision: '3a21814679'
System info: host: 'AHMADMALLOH', ip: '10.8.0.3', os.name: 'Windows 10', os.arch: 'amd64', os.version: '10.0', java.version: '1.8.0_301'
Driver info: org.openqa.selenium.chrome.ChromeDriver
Command: [11b87b4d1c0d1e7b677ad66f0dd6aa56, findElement {using=xpath, value=//i[contains(@class,'icon-remove')]}]
Capabilities {acceptInsecureCerts: false, browserName: chrome, browserVersion: 96.0.4664.110, chrome: {chromedriverVersion: 96.0.4664.45 (76e4c1bb2ab46..., userDataDir: C:\Users\User\AppData\Local...}, goog:chromeOptions: {debuggerAddress: localhost:58094}, javascriptEnabled: true, networkConnectionEnabled: false, pageLoadStrategy: normal, platform: WINDOWS, platformName: WINDOWS, proxy: Proxy(), se:cdp: ws://localhost:58094/devtoo..., se:cdpVersion: 96.0.4664.110, setWindowRect: true, strictFileInteractability: false, timeouts: {implicit: 0, pageLoad: 300000, script: 30000}, unhandledPromptBehavior: dismiss and notify, webauthn:extension:credBlob: true, webauthn:extension:largeBlob: true, webauthn:virtualAuthenticators: true}
Session ID: 11b87b4d1c0d1e7b677ad66f0dd6aa56
	at sun.reflect.GeneratedConstructorAccessor38.newInstance(Unknown Source)
	at sun.reflect.DelegatingConstructorAccessorImpl.newInstance(Unknown Source)
	at java.lang.reflect.Constructor.newInstance(Unknown Source)
	at org.openqa.selenium.remote.codec.w3c.W3CHttpResponseCodec.createException(W3CHttpResponseCodec.java:200)
	at org.openqa.selenium.remote.codec.w3c.W3CHttpResponseCodec.decode(W3CHttpResponseCodec.java:133)
	at org.openqa.selenium.remote.codec.w3c.W3CHttpResponseCodec.decode(W3CHttpResponseCodec.java:53)
	at org.openqa.selenium.remote.HttpCommandExecutor.execute(HttpCommandExecutor.java:184)
	at org.openqa.selenium.remote.service.DriverCommandExecutor.invokeExecute(DriverCommandExecutor.java:164)
	at org.openqa.selenium.remote.service.DriverCommandExecutor.execute(DriverCommandExecutor.java:139)
	at org.openqa.selenium.remote.RemoteWebDriver.execute(RemoteWebDriver.java:559)
	at org.openqa.selenium.remote.ElementLocation$ElementFinder$2.findElement(ElementLocation.java:162)
	at org.openqa.selenium.remote.ElementLocation.findElement(ElementLocation.java:60)
	at org.openqa.selenium.remote.RemoteWebDriver.findElement(RemoteWebDriver.java:383)
	at org.openqa.selenium.remote.RemoteWebDriver.findElement(RemoteWebDriver.java:375)
	at Configration.ConfigData.ClickOnBy_Xpath(ConfigData.java:107)
	at PageObjectModel.MyAccount.My_Wishlists_PO.ClickOnDeleteArrow(My_Wishlists_PO.java:150)
	at SanityTest.MyAccount.My_Wishlists.Delete_Wishlist(My_Wishlists.java:98)
	at sun.reflect.NativeMethodAccessorImpl.invoke0(Native Method)
	at sun.reflect.NativeMethodAccessorImpl.invoke(Unknown Source)
	at sun.reflect.DelegatingMethodAccessorImpl.invoke(Unknown Source)
	at java.lang.reflect.Method.invoke(Unknown Source)
	at org.testng.internal.MethodInvocationHelper.invokeMethod(MethodInvocationHelper.java:86)
	at org.testng.internal.Invoker.invokeMethod(Invoker.java:645)
	at org.testng.internal.Invoker.retryFailed(Invoker.java:969)
	at org.testng.internal.Invoker.invokeTestMethods(Invoker.java:1148)
	at org.testng.internal.TestMethodWorker.invokeTestMethods(TestMethodWorker.java:129)
	at org.testng.internal.TestMethodWorker.run(TestMethodWorker.java:112)
	at org.testng.TestRunner.privateRun(TestRunner.java:782)
	at org.testng.TestRunner.run(TestRunner.java:632)
	at org.testng.SuiteRunner.runTest(SuiteRunner.java:366)
	at org.testng.SuiteRunner.runSequentially(SuiteRunner.java:361)
	at org.testng.SuiteRunner.privateRun(SuiteRunner.java:319)
	at org.testng.SuiteRunner.run(SuiteRunner.java:268)
	at org.testng.SuiteRunnerWorker.runSuite(SuiteRunnerWorker.java:52)
	at org.testng.SuiteRunnerWorker.run(SuiteRunnerWorker.java:86)
	at org.testng.TestNG.runSuitesSequentially(TestNG.java:1244)
	at org.testng.TestNG.runSuitesLocally(TestNG.java:1169)
	at org.testng.TestNG.run(TestNG.java:1064)
	at org.testng.remote.RemoteTestNG.run(RemoteTestNG.java:113)
	at org.testng.remote.RemoteTestNG.initAndRun(RemoteTestNG.java:206)
	at org.testng.remote.RemoteTestNG.main(RemoteTestNG.java:177)
]]>
            </full-stacktrace>
          </exception> <!-- org.openqa.selenium.NoSuchElementException -->
          <reporter-output>
          </reporter-output>
        </test-method> <!-- Delete_Wishlist -->
        <test-method status="PASS" signature="afterTest()[pri:0, instance:SanityTest.MyAccount.My_Wishlists@56f4468b]" name="afterTest" is-config="true" duration-ms="921" started-at="2021-12-20T23:04:43Z" finished-at="2021-12-20T23:04:44Z">
          <reporter-output>
          </reporter-output>
        </test-method> <!-- afterTest -->
      </class> <!-- SanityTest.MyAccount.My_Wishlists -->
    </test> <!-- My_Wishlists -->
    <test name="UpdatePersonal_Information" duration-ms="29253" started-at="2021-12-20T21:04:45Z" finished-at="2021-12-20T21:05:14Z">
      <class name="SanityTest.MyAccount.UpdatePersonal_Information">
        <test-method status="PASS" signature="beforeTest(java.lang.String)[pri:0, instance:SanityTest.MyAccount.UpdatePersonal_Information@396a51ab]" name="beforeTest" is-config="true" duration-ms="10044" started-at="2021-12-20T23:04:45Z" finished-at="2021-12-20T23:04:55Z">
          <params>
            <param index="0">
              <value>
                <![CDATA[chrome]]>
              </value>
            </param>
          </params>
          <reporter-output>
          </reporter-output>
        </test-method> <!-- beforeTest -->
        <test-method status="PASS" signature="beforeMethod()[pri:0, instance:SanityTest.MyAccount.UpdatePersonal_Information@396a51ab]" name="beforeMethod" is-config="true" duration-ms="3" started-at="2021-12-20T23:04:55Z" finished-at="2021-12-20T23:04:55Z">
          <reporter-output>
          </reporter-output>
        </test-method> <!-- beforeMethod -->
        <test-method status="PASS" signature="getDriver(java.lang.String)[pri:0, instance:SanityTest.MyAccount.UpdatePersonal_Information@396a51ab]" name="getDriver" duration-ms="6953" started-at="2021-12-20T23:04:55Z" finished-at="2021-12-20T23:05:02Z">
          <params>
            <param index="0">
              <value>
                <![CDATA[chrome]]>
              </value>
            </param>
          </params>
          <reporter-output>
          </reporter-output>
        </test-method> <!-- getDriver -->
        <test-method status="PASS" signature="beforeMethod()[pri:0, instance:SanityTest.MyAccount.UpdatePersonal_Information@396a51ab]" name="beforeMethod" is-config="true" duration-ms="1" started-at="2021-12-20T23:05:02Z" finished-at="2021-12-20T23:05:02Z">
          <reporter-output>
          </reporter-output>
        </test-method> <!-- beforeMethod -->
        <test-method status="PASS" signature="Login()[pri:1, instance:SanityTest.MyAccount.UpdatePersonal_Information@396a51ab]" name="Login" duration-ms="6760" started-at="2021-12-20T23:05:02Z" finished-at="2021-12-20T23:05:08Z">
          <reporter-output>
          </reporter-output>
        </test-method> <!-- Login -->
        <test-method status="PASS" signature="beforeMethod()[pri:0, instance:SanityTest.MyAccount.UpdatePersonal_Information@396a51ab]" name="beforeMethod" is-config="true" duration-ms="2" started-at="2021-12-20T23:05:08Z" finished-at="2021-12-20T23:05:08Z">
          <reporter-output>
          </reporter-output>
        </test-method> <!-- beforeMethod -->
        <test-method status="PASS" signature="UpdatePersonalnfo()[pri:2, instance:SanityTest.MyAccount.UpdatePersonal_Information@396a51ab]" name="UpdatePersonalnfo" duration-ms="4840" started-at="2021-12-20T23:05:08Z" depends-on-methods="SanityTest.MyAccount.UpdatePersonal_Information.Login" finished-at="2021-12-20T23:05:13Z">
          <reporter-output>
          </reporter-output>
        </test-method> <!-- UpdatePersonalnfo -->
        <test-method status="PASS" signature="afterTest()[pri:0, instance:SanityTest.MyAccount.UpdatePersonal_Information@396a51ab]" name="afterTest" is-config="true" duration-ms="643" started-at="2021-12-20T23:05:13Z" finished-at="2021-12-20T23:05:14Z">
          <reporter-output>
          </reporter-output>
        </test-method> <!-- afterTest -->
      </class> <!-- SanityTest.MyAccount.UpdatePersonal_Information -->
    </test> <!-- UpdatePersonal_Information -->
  </suite> <!-- suite -->
</testng-results>
